<?xml version="1.0" encoding="UTF-8"?>
<!-- Generated by org.testng.reporters.JUnitXMLReporter -->
<testsuite ignored="0" hostname="UP-005CD237B4KS" failures="0" tests="15" name="AME flow" time="36.846" errors="0" timestamp="31 May 2024 13:53:15 GMT">
  <testcase classname="HB_AME_flow_Test.Ame_Azure" name="TS_01_TC_01_Login_With_Valid_Credentials_For_Retiree_PPT" time="0.017"/>
  <testcase classname="HB_AME_flow_Test.Ame_Azure" name="HW_Active_Login_MPC_with_Valid_Credential" time="0.002"/>
  <testcase classname="HB_AME_flow_Test.Ame_Azure" name="DB_Active_Login_MPC_with_Valid_Credential" time="0.002"/>
  <testcase classname="HB_AME_flow_Test.Ame_Azure" name="Harmony1_Login_with_Valid_Credential" time="0.001"/>
  <testcase classname="HB_AME_flow_Test.Ame_Azure" name="ROL_Flow" time="0.002"/>
  <testcase classname="HB_AME_flow_Test.Ame_Azure" name="Ame_Flow" time="0.002"/>
  <testcase classname="HB_AME_flow_Test.Ame_Azure" name="DBMultiplanner_Flow" time="0.002"/>
  <testcase classname="HB_AME_flow_Test.Ame_Azure" name="DBInpay_Flow" time="0.002"/>
  <testcase classname="HB_AME_flow_Test.Ame_Azure" name="DBInpay_9Flow" time="0.004"/>
  <testcase classname="HB_AME_flow_Test.Ame_Azure" name="DBInpay10_Flow" time="0.002"/>
  <testcase classname="HB_AME_flow_Test.Ame_Azure" name="DBInpay11_Flow" time="0.001"/>
  <testcase classname="HB_AME_flow_Test.Ame_Azure" name="DBInpay12_Flow" time="0.002"/>
  <testcase classname="HB_AME_flow_Test.Ame_Azure" name="DBInpay13_Flow" time="0.002"/>
  <testcase classname="HB_AME_flow_Test.Ame_Azure" name="DBInpay14_Flow" time="0.002"/>
  <testcase classname="HB_AME_flow_Test.Ame_Azure" name="DBInpay15_Flow" time="0.001"/>
</testsuite> <!-- AME flow -->
