<?xml version="1.0" encoding="UTF-8"?>
<!-- Generated by org.testng.reporters.JUnitXMLReporter -->
<testsuite ignored="1" hostname="UP-005CD237B4KS" failures="1" tests="8" name="AVA_Chat_Test" time="1059.08" errors="0" timestamp="29 Feb 2024 11:55:50 GMT">
  <testcase classname="resources.Base" name="@AfterTest teardown" time="0.001">
    <failure type="org.openqa.selenium.NoSuchSessionException" message="Session ID is null. Using WebDriver after calling quit()?
Build info: version: &amp;apos;4.1.2&amp;apos;, revision: &amp;apos;9a5a329c5a&amp;apos;
System info: host: &amp;apos;UP-005CD237B4KS&amp;apos;, ip: &amp;apos;192.168.1.6&amp;apos;, os.name: &amp;apos;Windows 10&amp;apos;, os.arch: &amp;apos;amd64&amp;apos;, os.version: &amp;apos;10.0&amp;apos;, java.version: &amp;apos;17.0.5&amp;apos;
Driver info: org.openqa.selenium.chrome.ChromeDriver
Command: [null, close {}]
Capabilities {acceptInsecureCerts: false, browserName: chrome-headless-shell, browserVersion: 122.0.6261.58, chrome: {chromedriverVersion: 122.0.6261.94 (880dbf29479c..., userDataDir: C:\Users\NANDAN~1.GUP\AppDa...}, fedcm:accounts: true, goog:chromeOptions: {debuggerAddress: localhost:49229}, javascriptEnabled: true, networkConnectionEnabled: false, pageLoadStrategy: normal, platform: WINDOWS, platformName: WINDOWS, proxy: Proxy(), se:cdp: ws://localhost:49229/devtoo..., se:cdpVersion: 122.0.6261.58, setWindowRect: true, strictFileInteractability: false, timeouts: {implicit: 0, pageLoad: 300000, script: 30000}, unhandledPromptBehavior: dismiss and notify, webauthn:extension:credBlob: true, webauthn:extension:largeBlob: true, webauthn:extension:minPinLength: true, webauthn:extension:prf: true, webauthn:virtualAuthenticators: true}">
      <![CDATA[org.openqa.selenium.NoSuchSessionException: Session ID is null. Using WebDriver after calling quit()?
Build info: version: '4.1.2', revision: '9a5a329c5a'
System info: host: 'UP-005CD237B4KS', ip: '192.168.1.6', os.name: 'Windows 10', os.arch: 'amd64', os.version: '10.0', java.version: '17.0.5'
Driver info: org.openqa.selenium.chrome.ChromeDriver
Command: [null, close {}]
Capabilities {acceptInsecureCerts: false, browserName: chrome-headless-shell, browserVersion: 122.0.6261.58, chrome: {chromedriverVersion: 122.0.6261.94 (880dbf29479c..., userDataDir: C:\Users\NANDAN~1.GUP\AppDa...}, fedcm:accounts: true, goog:chromeOptions: {debuggerAddress: localhost:49229}, javascriptEnabled: true, networkConnectionEnabled: false, pageLoadStrategy: normal, platform: WINDOWS, platformName: WINDOWS, proxy: Proxy(), se:cdp: ws://localhost:49229/devtoo..., se:cdpVersion: 122.0.6261.58, setWindowRect: true, strictFileInteractability: false, timeouts: {implicit: 0, pageLoad: 300000, script: 30000}, unhandledPromptBehavior: dismiss and notify, webauthn:extension:credBlob: true, webauthn:extension:largeBlob: true, webauthn:extension:minPinLength: true, webauthn:extension:prf: true, webauthn:virtualAuthenticators: true}
at org.openqa.selenium.remote.HttpCommandExecutor.execute(HttpCommandExecutor.java:145)
at org.openqa.selenium.remote.service.DriverCommandExecutor.invokeExecute(DriverCommandExecutor.java:167)
at org.openqa.selenium.remote.service.DriverCommandExecutor.execute(DriverCommandExecutor.java:142)
at org.openqa.selenium.remote.RemoteWebDriver.execute(RemoteWebDriver.java:558)
at org.openqa.selenium.remote.RemoteWebDriver.execute(RemoteWebDriver.java:613)
at org.openqa.selenium.remote.RemoteWebDriver.execute(RemoteWebDriver.java:617)
at org.openqa.selenium.remote.RemoteWebDriver.close(RemoteWebDriver.java:443)
at resources.Base.teardown(Base.java:323)
at java.base/java.util.concurrent.FutureTask.run(FutureTask.java:264)
at java.base/java.util.concurrent.ThreadPoolExecutor.runWorker(ThreadPoolExecutor.java:1136)
at java.base/java.util.concurrent.ThreadPoolExecutor$Worker.run(ThreadPoolExecutor.java:635)
at java.base/java.lang.Thread.run(Thread.java:833)
... Removed 15 stack frames]]>
    </failure>
  </testcase> <!-- @AfterTest teardown -->
  <testcase classname="DB_PPT_Common_TestCases.AVA_Chat_Test" name="Login_MPC" time="26.388"/>
  <testcase classname="DB_PPT_Common_TestCases.AVA_Chat_Test" name="To_validate_Ava_chat_Tile_is_present_or_not_in_Homepage" time="7.267"/>
  <testcase classname="DB_PPT_Common_TestCases.AVA_Chat_Test" name="To_validate_Ava_chat_button_is_clickable_or_not" time="0.038"/>
  <testcase classname="DB_PPT_Common_TestCases.AVA_Chat_Test" name="switch_to_child_window_and_check_AVA_Chat_Bot_window_is_fully_loaded_or_not" time="12.792"/>
  <testcase classname="DB_PPT_Common_TestCases.AVA_Chat_Test" name="To_validate_Request_and_response_message_in_Ava_Chat_by_typing_Hi_message_In_Chat_message_Box" time="2.488"/>
  <testcase classname="DB_PPT_Common_TestCases.AVA_Chat_Test" name="Validate_profile_Details_Like_Company_Details_FirstName_LastName_visible_ORNOT" time="881.284">
    <skipped/>
  </testcase> <!-- Validate_profile_Details_Like_Company_Details_FirstName_LastName_visible_ORNOT -->
  <testcase classname="DB_PPT_Common_TestCases.AVA_Chat_Test" name="Validate_profile_Details_Like_Company_Details_FirstName_LastName_visible_ORNOT" time="110.077">
    <failure type="org.openqa.selenium.NoSuchElementException" message="no such element: Unable to locate element: {&amp;quot;method&amp;quot;:&amp;quot;xpath&amp;quot;,&amp;quot;selector&amp;quot;:&amp;quot;//*[@id=&amp;apos;profileBtn&amp;apos;]&amp;quot;}
  (Session info: chrome-headless-shell=122.0.6261.58)
For documentation on this error, please visit: https://selenium.dev/exceptions/#no_such_element
Build info: version: &amp;apos;4.1.2&amp;apos;, revision: &amp;apos;9a5a329c5a&amp;apos;
System info: host: &amp;apos;UP-005CD237B4KS&amp;apos;, ip: &amp;apos;192.168.1.6&amp;apos;, os.name: &amp;apos;Windows 10&amp;apos;, os.arch: &amp;apos;amd64&amp;apos;, os.version: &amp;apos;10.0&amp;apos;, java.version: &amp;apos;17.0.5&amp;apos;
Driver info: org.openqa.selenium.chrome.ChromeDriver
Command: [4a8b7d5db88e55924adb1ef53d9bf3c3, findElement {using=xpath, value=//*[@id=&amp;apos;profileBtn&amp;apos;]}]
Capabilities {acceptInsecureCerts: false, browserName: chrome-headless-shell, browserVersion: 122.0.6261.58, chrome: {chromedriverVersion: 122.0.6261.94 (880dbf29479c..., userDataDir: C:\Users\NANDAN~1.GUP\AppDa...}, fedcm:accounts: true, goog:chromeOptions: {debuggerAddress: localhost:49229}, javascriptEnabled: true, networkConnectionEnabled: false, pageLoadStrategy: normal, platform: WINDOWS, platformName: WINDOWS, proxy: Proxy(), se:cdp: ws://localhost:49229/devtoo..., se:cdpVersion: 122.0.6261.58, setWindowRect: true, strictFileInteractability: false, timeouts: {implicit: 0, pageLoad: 300000, script: 30000}, unhandledPromptBehavior: dismiss and notify, webauthn:extension:credBlob: true, webauthn:extension:largeBlob: true, webauthn:extension:minPinLength: true, webauthn:extension:prf: true, webauthn:virtualAuthenticators: true}
Session ID: 4a8b7d5db88e55924adb1ef53d9bf3c3">
      <![CDATA[org.openqa.selenium.NoSuchElementException: no such element: Unable to locate element: {"method":"xpath","selector":"//*[@id='profileBtn']"}
  (Session info: chrome-headless-shell=122.0.6261.58)
For documentation on this error, please visit: https://selenium.dev/exceptions/#no_such_element
Build info: version: '4.1.2', revision: '9a5a329c5a'
System info: host: 'UP-005CD237B4KS', ip: '192.168.1.6', os.name: 'Windows 10', os.arch: 'amd64', os.version: '10.0', java.version: '17.0.5'
Driver info: org.openqa.selenium.chrome.ChromeDriver
Command: [4a8b7d5db88e55924adb1ef53d9bf3c3, findElement {using=xpath, value=//*[@id='profileBtn']}]
Capabilities {acceptInsecureCerts: false, browserName: chrome-headless-shell, browserVersion: 122.0.6261.58, chrome: {chromedriverVersion: 122.0.6261.94 (880dbf29479c..., userDataDir: C:\Users\NANDAN~1.GUP\AppDa...}, fedcm:accounts: true, goog:chromeOptions: {debuggerAddress: localhost:49229}, javascriptEnabled: true, networkConnectionEnabled: false, pageLoadStrategy: normal, platform: WINDOWS, platformName: WINDOWS, proxy: Proxy(), se:cdp: ws://localhost:49229/devtoo..., se:cdpVersion: 122.0.6261.58, setWindowRect: true, strictFileInteractability: false, timeouts: {implicit: 0, pageLoad: 300000, script: 30000}, unhandledPromptBehavior: dismiss and notify, webauthn:extension:credBlob: true, webauthn:extension:largeBlob: true, webauthn:extension:minPinLength: true, webauthn:extension:prf: true, webauthn:virtualAuthenticators: true}
Session ID: 4a8b7d5db88e55924adb1ef53d9bf3c3
at org.openqa.selenium.remote.codec.w3c.W3CHttpResponseCodec.createException(W3CHttpResponseCodec.java:200)
at org.openqa.selenium.remote.codec.w3c.W3CHttpResponseCodec.decode(W3CHttpResponseCodec.java:133)
at org.openqa.selenium.remote.codec.w3c.W3CHttpResponseCodec.decode(W3CHttpResponseCodec.java:53)
at org.openqa.selenium.remote.HttpCommandExecutor.execute(HttpCommandExecutor.java:184)
at org.openqa.selenium.remote.service.DriverCommandExecutor.invokeExecute(DriverCommandExecutor.java:167)
at org.openqa.selenium.remote.service.DriverCommandExecutor.execute(DriverCommandExecutor.java:142)
at org.openqa.selenium.remote.RemoteWebDriver.execute(RemoteWebDriver.java:558)
at org.openqa.selenium.remote.ElementLocation$ElementFinder$2.findElement(ElementLocation.java:162)
at org.openqa.selenium.remote.ElementLocation.findElement(ElementLocation.java:60)
at org.openqa.selenium.remote.RemoteWebDriver.findElement(RemoteWebDriver.java:382)
at org.openqa.selenium.remote.RemoteWebDriver.findElement(RemoteWebDriver.java:374)
at DB_PPT_Common_PageObjects.AVA_Chat.Hover_To_Profile_Icon(AVA_Chat.java:483)
at DB_PPT_Common_TestCases.AVA_Chat_Test.Validate_profile_Details_Like_Company_Details_FirstName_LastName_visible_ORNOT(AVA_Chat_Test.java:410)
at java.base/java.util.concurrent.FutureTask.run(FutureTask.java:264)
at java.base/java.util.concurrent.ThreadPoolExecutor.runWorker(ThreadPoolExecutor.java:1136)
at java.base/java.util.concurrent.ThreadPoolExecutor$Worker.run(ThreadPoolExecutor.java:635)
at java.base/java.lang.Thread.run(Thread.java:833)
... Removed 21 stack frames]]>
    </failure>
  </testcase> <!-- Validate_profile_Details_Like_Company_Details_FirstName_LastName_visible_ORNOT -->
  <testcase classname="DB_PPT_Common_TestCases.AVA_Chat_Test" name="Closewindow" time="0.078"/>
  <testcase classname="DB_PPT_Common_TestCases.AVA_Chat_Test" name="To_validate_Request_and_response_message_in_Ava_Chat_by_typing_plan_As_message_In_Chat_message_Box" time="0.0">
    <ignored/>
  </testcase> <!-- To_validate_Request_and_response_message_in_Ava_Chat_by_typing_plan_As_message_In_Chat_message_Box -->
</testsuite> <!-- AVA_Chat_Test -->
