<?xml version="1.0" encoding="UTF-8"?>
<!-- Generated by org.testng.reporters.JUnitXMLReporter -->
<testsuite ignored="0" hostname="UP-005CD237B4KS" failures="0" tests="6" name="Common_Dashboard_Hamburger_Test" time="149.425" errors="0" timestamp="31 May 2024 10:56:30 GMT">
  <testcase classname="DB_PPT_Common_TestCases.Common_Dashboard_Hamburger_Test" name="VerifyLogin" time="41.985"/>
  <testcase classname="DB_PPT_Common_TestCases.Common_Dashboard_Hamburger_Test" name="To_validate_Click_On_Setting_link_In_HamburgerMenu" time="16.087"/>
  <testcase classname="DB_PPT_Common_TestCases.Common_Dashboard_Hamburger_Test" name="To_validate_Click_On_Communication__preference_link_In_HamburgerMenu" time="24.262"/>
  <testcase classname="DB_PPT_Common_TestCases.Common_Dashboard_Hamburger_Test" name="To_validate_Click_On_Language__link_In_HamburgerMenu" time="20.942"/>
  <testcase classname="DB_PPT_Common_TestCases.Common_Dashboard_Hamburger_Test" name="To_validate_Click_On_Language_And_Click_on_Englishlanguage_link_In_HamburgerMenu" time="14.367"/>
  <testcase classname="DB_PPT_Common_TestCases.Common_Dashboard_Hamburger_Test" name="To_validate_Click_On_Logout_In_HamburgerMenu" time="14.618"/>
</testsuite> <!-- Common_Dashboard_Hamburger_Test -->
