<?xml version="1.0" encoding="UTF-8"?>
<!-- Generated by org.testng.reporters.JUnitXMLReporter -->
<testsuite ignored="0" hostname="UP-005CD237B4KS" failures="0" tests="5" name="Common_Dashboard_Left_Panel_QuickTool_Test" time="110.713" errors="0" timestamp="31 May 2024 10:59:05 GMT">
  <testcase classname="DB_PPT_Common_TestCases.Common_Dashboard_Left_Panel_QuickTool_Test" name="VerifyLogin" time="30.058"/>
  <testcase classname="DB_PPT_Common_TestCases.Common_Dashboard_Left_Panel_QuickTool_Test" name="VerifyQuickTool_Header" time="4.244"/>
  <testcase classname="DB_PPT_Common_TestCases.Common_Dashboard_Left_Panel_QuickTool_Test" name="VerifyQuickTool_First_Item_Clicked_OR_NOT" time="25.055"/>
  <testcase classname="DB_PPT_Common_TestCases.Common_Dashboard_Left_Panel_QuickTool_Test" name="VerifyQuickTool_Second_Item_Clicked_OR_NOT" time="19.772"/>
  <testcase classname="DB_PPT_Common_TestCases.Common_Dashboard_Left_Panel_QuickTool_Test" name="VerifyQuickTool_Fourth_Item_Clicked_OR_NOT" time="20.56"/>
</testsuite> <!-- Common_Dashboard_Left_Panel_QuickTool_Test -->
