<?xml version="1.0" encoding="UTF-8"?>
<!-- Generated by org.testng.reporters.JUnitXMLReporter -->
<testsuite ignored="0" hostname="UP-005CD237B4KS" failures="0" tests="13" name="DB_Active_Retirement_Estimates_MostRecentEstimates_Test" time="118.61" errors="0" timestamp="31 May 2024 10:34:43 GMT">
  <testcase classname="DB_Active_PPT_TestCases.DB_Active_Retirement_Estimates_MostRecentEstimates_Test" name="TS_14_TC_01_to_verify_user_able_to_Login_MPC_with_valid_credentials" time="57.797"/>
  <testcase classname="DB_Active_PPT_TestCases.DB_Active_Retirement_Estimates_MostRecentEstimates_Test" name="TS_14_TC_02_to_verify_user_able_to_Land_on_Most_Recent_Estimate_Page_by_Clicking_Most_Recent_Tab" time="7.855"/>
  <testcase classname="DB_Active_PPT_TestCases.DB_Active_Retirement_Estimates_MostRecentEstimates_Test" name="TS_14_TC_03_to_verify_All_Elements_Present_Most_Recent_Page" time="1.403"/>
  <testcase classname="DB_Active_PPT_TestCases.DB_Active_Retirement_Estimates_MostRecentEstimates_Test" name="TS_14_TC_06_to_verify_calculate_another_Estimates_button" time="5.55"/>
  <testcase classname="DB_Active_PPT_TestCases.DB_Active_Retirement_Estimates_MostRecentEstimates_Test" name="TS_14_TC_07_to_verify_user_able_to_click_Print_Button" time="1.591"/>
  <testcase classname="DB_Active_PPT_TestCases.DB_Active_Retirement_Estimates_MostRecentEstimates_Test" name="TS_14_TC_08_to_verify_user_able_to_use_filter_functionality" time="3.754"/>
  <testcase classname="DB_Active_PPT_TestCases.DB_Active_Retirement_Estimates_MostRecentEstimates_Test" name="TS_14_TC_09_to_verify_user_able_to_use_Update_Filter_functionality" time="3.065"/>
  <testcase classname="DB_Active_PPT_TestCases.DB_Active_Retirement_Estimates_MostRecentEstimates_Test" name="TS_14_TC_10_to_verify_user_able_to_click_on_view_Assumptions" time="1.689"/>
  <testcase classname="DB_Active_PPT_TestCases.DB_Active_Retirement_Estimates_MostRecentEstimates_Test" name="TS_14_TC_11_to_verify_user_able_to_download_Detailed_report" time="0.001"/>
  <testcase classname="DB_Active_PPT_TestCases.DB_Active_Retirement_Estimates_MostRecentEstimates_Test" name="TS_14_TC_12_to_verify_user_able_to_Select_Muliple_check_box" time="0.001"/>
  <testcase classname="DB_Active_PPT_TestCases.DB_Active_Retirement_Estimates_MostRecentEstimates_Test" name="TS_14_TC_13_to_verify_user_able_to_compare_Diffrent_Plans_By_using__Model_this_Options_for_Comparasion" time="0.001"/>
  <testcase classname="DB_Active_PPT_TestCases.DB_Active_Retirement_Estimates_MostRecentEstimates_Test" name="TS_14_TC_14_to_verif_view_descriptions_Functionality" time="0.0"/>
  <testcase classname="DB_Active_PPT_TestCases.DB_Active_Retirement_Estimates_MostRecentEstimates_Test" name="TS_14_TC_15_to_verify_Hide_descriptions_Functionality" time="0.001"/>
</testsuite> <!-- DB_Active_Retirement_Estimates_MostRecentEstimates_Test -->
