<?xml version="1.0" encoding="UTF-8"?>
<!-- Generated by org.testng.reporters.JUnitXMLReporter -->
<testsuite ignored="0" hostname="UP-005CD237B4KS" failures="0" tests="4" name="Forms_And_Document_Test_chrome" time="241.809" errors="0" timestamp="29 Feb 2024 11:36:02 GMT">
  <testcase classname="DB_PPT_Common_TestCases.Forms_And_Document_Test" name="VerifyLogin" time="28.458"/>
  <testcase classname="DB_PPT_Common_TestCases.Forms_And_Document_Test" name="Click_On_Forms_Document_Tab_and_Then_Click_On_Forms_SUbTab_AndValidate_Forms_DownloadLinks" time="16.675"/>
  <testcase classname="DB_PPT_Common_TestCases.Forms_And_Document_Test" name="Verify_Document_Sub_Tab" time="141.683"/>
  <testcase classname="DB_PPT_Common_TestCases.Forms_And_Document_Test" name="Validate_LogOut_Success_of_the_Portal" time="48.433"/>
</testsuite> <!-- Forms_And_Document_Test_chrome -->
