<?xml version="1.0" encoding="UTF-8"?>
<!-- Generated by org.testng.reporters.JUnitXMLReporter -->
<testsuite ignored="0" hostname="UP-005CD237B4KS" failures="1" tests="6" name="HB_Active_MyAccount_Life_Event_Testcase_chromeBrowser" time="211.68" errors="0" timestamp="23 May 2023 10:08:52 GMT">
  <testcase classname="HB_Active_PPT_TestCases.LifeEvent_Summary_TestCases" name="TS_49_TC_01_to_verify_user_able_to_Land_on_MyAccountLife_Event_page" time="65.039"/>
  <testcase classname="HB_Active_PPT_TestCases.LifeEvent_Summary_TestCases" name="TS_49_TC_02_to_verify_user_able_to_click_on_Resume_button" time="6.587"/>
  <testcase classname="HB_Active_PPT_TestCases.LifeEvent_Summary_TestCases" name="TS_49_TC_03_to_verify_user_able_to_Land_on_Life_Events_Summary_Page" time="1.111">
    <skipped/>
  </testcase> <!-- TS_49_TC_03_to_verify_user_able_to_Land_on_Life_Events_Summary_Page -->
  <testcase classname="HB_Active_PPT_TestCases.LifeEvent_Summary_TestCases" name="TS_49_TC_03_to_verify_user_able_to_Land_on_Life_Events_Summary_Page" time="14.206"/>
  <testcase classname="HB_Active_PPT_TestCases.LifeEvent_Summary_TestCases" name="TS_49_TC_04_to_verify_user_able_to_click_Print_Button_Life_Events_Summary_Page" time="38.183">
    <skipped/>
  </testcase> <!-- TS_49_TC_04_to_verify_user_able_to_click_Print_Button_Life_Events_Summary_Page -->
  <testcase classname="HB_Active_PPT_TestCases.LifeEvent_Summary_TestCases" name="TS_49_TC_04_to_verify_user_able_to_click_Print_Button_Life_Events_Summary_Page" time="38.357">
    <failure type="org.openqa.selenium.ScriptTimeoutException" message="script timeout
  (Session info: chrome=113.0.5672.127)
Build info: version: &amp;apos;4.8.3&amp;apos;, revision: &amp;apos;e5e76298c3&amp;apos;
System info: os.name: &amp;apos;Windows 10&amp;apos;, os.arch: &amp;apos;amd64&amp;apos;, os.version: &amp;apos;10.0&amp;apos;, java.version: &amp;apos;17.0.5&amp;apos;
Driver info: org.openqa.selenium.chrome.ChromeDriver
Command: [adbaae5cebb9a1cbae192813cbd8d687, executeScript {script=arguments[0].click();, args=[{ELEMENT=68F86A08C426AA002F2D61D98847E1F6_element_883, element-6066-11e4-a52e-4f735466cecf=68F86A08C426AA002F2D61D98847E1F6_element_883}]}]
Capabilities {acceptInsecureCerts: false, browserName: chrome, browserVersion: 113.0.5672.127, chrome: {chromedriverVersion: 113.0.5672.63 (0e1a4471d5ae..., userDataDir: C:\Users\NANDAN~1.GUP\AppDa...}, goog:chromeOptions: {debuggerAddress: localhost:50687}, networkConnectionEnabled: false, pageLoadStrategy: normal, platformName: WINDOWS, proxy: Proxy(), se:cdp: ws://localhost:50687/devtoo..., se:cdpVersion: 113.0.5672.127, setWindowRect: true, strictFileInteractability: false, timeouts: {implicit: 0, pageLoad: 300000, script: 30000}, unhandledPromptBehavior: dismiss and notify, webauthn:extension:credBlob: true, webauthn:extension:largeBlob: true, webauthn:extension:minPinLength: true, webauthn:extension:prf: true, webauthn:virtualAuthenticators: true}
Session ID: adbaae5cebb9a1cbae192813cbd8d687">
      <![CDATA[org.openqa.selenium.ScriptTimeoutException: script timeout
  (Session info: chrome=113.0.5672.127)
Build info: version: '4.8.3', revision: 'e5e76298c3'
System info: os.name: 'Windows 10', os.arch: 'amd64', os.version: '10.0', java.version: '17.0.5'
Driver info: org.openqa.selenium.chrome.ChromeDriver
Command: [adbaae5cebb9a1cbae192813cbd8d687, executeScript {script=arguments[0].click();, args=[{ELEMENT=68F86A08C426AA002F2D61D98847E1F6_element_883, element-6066-11e4-a52e-4f735466cecf=68F86A08C426AA002F2D61D98847E1F6_element_883}]}]
Capabilities {acceptInsecureCerts: false, browserName: chrome, browserVersion: 113.0.5672.127, chrome: {chromedriverVersion: 113.0.5672.63 (0e1a4471d5ae..., userDataDir: C:\Users\NANDAN~1.GUP\AppDa...}, goog:chromeOptions: {debuggerAddress: localhost:50687}, networkConnectionEnabled: false, pageLoadStrategy: normal, platformName: WINDOWS, proxy: Proxy(), se:cdp: ws://localhost:50687/devtoo..., se:cdpVersion: 113.0.5672.127, setWindowRect: true, strictFileInteractability: false, timeouts: {implicit: 0, pageLoad: 300000, script: 30000}, unhandledPromptBehavior: dismiss and notify, webauthn:extension:credBlob: true, webauthn:extension:largeBlob: true, webauthn:extension:minPinLength: true, webauthn:extension:prf: true, webauthn:virtualAuthenticators: true}
Session ID: adbaae5cebb9a1cbae192813cbd8d687
at org.openqa.selenium.remote.codec.w3c.W3CHttpResponseCodec.createException(W3CHttpResponseCodec.java:200)
at org.openqa.selenium.remote.codec.w3c.W3CHttpResponseCodec.decode(W3CHttpResponseCodec.java:133)
at org.openqa.selenium.remote.codec.w3c.W3CHttpResponseCodec.decode(W3CHttpResponseCodec.java:53)
at org.openqa.selenium.remote.HttpCommandExecutor.execute(HttpCommandExecutor.java:193)
at org.openqa.selenium.remote.service.DriverCommandExecutor.invokeExecute(DriverCommandExecutor.java:183)
at org.openqa.selenium.remote.service.DriverCommandExecutor.execute(DriverCommandExecutor.java:158)
at org.openqa.selenium.remote.RemoteWebDriver.execute(RemoteWebDriver.java:543)
at org.openqa.selenium.remote.RemoteWebDriver.executeScript(RemoteWebDriver.java:480)
at HB_Active_PPT_TestCases.LifeEvent_Summary_TestCases.TS_49_TC_04_to_verify_user_able_to_click_Print_Button_Life_Events_Summary_Page(LifeEvent_Summary_TestCases.java:138)
at java.base/java.util.concurrent.FutureTask.run(FutureTask.java:264)
at java.base/java.util.concurrent.ThreadPoolExecutor.runWorker(ThreadPoolExecutor.java:1136)
at java.base/java.util.concurrent.ThreadPoolExecutor$Worker.run(ThreadPoolExecutor.java:635)
at java.base/java.lang.Thread.run(Thread.java:833)
... Removed 21 stack frames]]>
    </failure>
  </testcase> <!-- TS_49_TC_04_to_verify_user_able_to_click_Print_Button_Life_Events_Summary_Page -->
</testsuite> <!-- HB_Active_MyAccount_Life_Event_Testcase_chromeBrowser -->
