<?xml version="1.0" encoding="UTF-8"?>
<!-- Generated by org.testng.reporters.JUnitXMLReporter -->
<testsuite ignored="0" hostname="UP-005CD237B4KS" failures="0" tests="31" name="HB_Active_MyAccount_LifeEvent_HealthCare_TestCases" time="159.649" errors="0" timestamp="13 Jun 2023 08:16:42 GMT">
  <testcase classname="HB_Active_PPT_TestCases.Lf_DSD_Health_care_Positive_Eligible_flow" name="TS_50_TC_01_to_verify_user_able_to_Land_on_LifeEvents_Health_Page" time="47.844"/>
  <testcase classname="HB_Active_PPT_TestCases.Lf_DSD_Health_care_Positive_Eligible_flow" name="TS_50_TC_02_to_verify_user_able_to_Edit_Medical_Plan_if_its_Editable_For_Employee_only" time="1.145"/>
  <testcase classname="HB_Active_PPT_TestCases.Lf_DSD_Health_care_Positive_Eligible_flow" name="TS_52_TC_02__to_verify_2_Eligible_Options_availabe_on_header_text_Spending_Account" time="3.821"/>
  <testcase classname="HB_Active_PPT_TestCases.Lf_DSD_Health_care_Positive_Eligible_flow" name="TS_52_TC_03__to_verify_HSA_Disable" time="0.001"/>
  <testcase classname="HB_Active_PPT_TestCases.Lf_DSD_Health_care_Positive_Eligible_flow" name="TS_52_TC_03__to_verify_LPHCSA_Disble" time="0.001"/>
  <testcase classname="HB_Active_PPT_TestCases.Lf_DSD_Health_care_Positive_Eligible_flow" name="TS_52_TC_03__to_verify_DCSA_Enable" time="0.001"/>
  <testcase classname="HB_Active_PPT_TestCases.Lf_DSD_Health_care_Positive_Eligible_flow" name="TS_52_TC_03__to_verify_HCSASA_Should_be_Enable" time="0.001"/>
  <testcase classname="HB_Active_PPT_TestCases.Lf_DSD_Health_care_Positive_Eligible_flow" name="TS_52_TC_03__Now_user_Go_back_to_Health_care_Medical_page_Select_High_Deductible_Plans_again_Then_contribution_PoPUP_Should_come" time="4.455"/>
  <testcase classname="HB_Active_PPT_TestCases.Lf_DSD_Health_care_Positive_Eligible_flow" name="TS_50_TC_13_to_verify_High_dedudctible_plan_pay_Period_your_contribution_Page" time="0.179"/>
  <testcase classname="HB_Active_PPT_TestCases.Lf_DSD_Health_care_Positive_Eligible_flow" name="TS_50_TC_98_to_Make_HSA_Contributions_Select_button_enabled" time="1.415"/>
  <testcase classname="HB_Active_PPT_TestCases.Lf_DSD_Health_care_Positive_Eligible_flow" name="TS_50_TC_62_Click_on_Select_button_After_Making_Contributions" time="1.426"/>
  <testcase classname="HB_Active_PPT_TestCases.Lf_DSD_Health_care_Positive_Eligible_flow" name="TS_52_TC_03_to_Verify_in_Spending_Account_Page_Contribution_Amount_saved_or_not" time="4.096"/>
  <testcase classname="HB_Active_PPT_TestCases.Lf_DSD_Health_care_Positive_Eligible_flow" name="TS_50_TC_02_to_verify_DSD_Flow_eligible_PPt_HSA_Calculator" time="33.615"/>
  <testcase classname="HB_Active_PPT_TestCases.Lf_DSD_Health_care_Positive_Eligible_flow" name="TS_52_TC_03_to_Verify_Contribution_Amount_Saved_in_Spending_Account_or_not_using_DSD_floww" time="5.815"/>
  <testcase classname="HB_Active_PPT_TestCases.Lf_DSD_Health_care_Positive_Eligible_flow" name="TS_53_TC_04_to_verify_user_able_to_Land_on_LifeEvents_insurance_Coverage_Page" time="6.456"/>
  <testcase classname="HB_Active_PPT_TestCases.Lf_DSD_Health_care_Positive_Eligible_flow" name="TS_53_TC_05__to_verify_all_the_elements_Present_in_Disablity_Page" time="0.001"/>
  <testcase classname="HB_Active_PPT_TestCases.Lf_DSD_Health_care_Positive_Eligible_flow" name="TS_53_TC_06__to_verify_all_the_Links_Present_on_Page_are_broken_or_not_Disability_Page" time="0.0"/>
  <testcase classname="HB_Active_PPT_TestCases.Lf_DSD_Health_care_Positive_Eligible_flow" name="TS_53_TC_07__to_verify_all_the_elements_Present_in_Life_Page" time="0.001"/>
  <testcase classname="HB_Active_PPT_TestCases.Lf_DSD_Health_care_Positive_Eligible_flow" name="TS_53_TC_08__to_verify_all_the_Links_Present_on_Page_are_broken_or_not_life_Page" time="0.001"/>
  <testcase classname="HB_Active_PPT_TestCases.Lf_DSD_Health_care_Positive_Eligible_flow" name="TS_52_TC_86_to_verify_user_able_to_Land_on_LifeEvents_Complete_Enrollment_Page" time="10.506"/>
  <testcase classname="HB_Active_PPT_TestCases.Lf_DSD_Health_care_Positive_Eligible_flow" name="TS_52_TC_87_to_verify_user_able_to_click_Print_Button_Life_Events_Complete_Enrollment_Page" time="0.009"/>
  <testcase classname="HB_Active_PPT_TestCases.Lf_DSD_Health_care_Positive_Eligible_flow" name="TS_52_TC_88_to_verify_Dependent_table_name_Self_Complete_Enrollment_Page" time="0.001"/>
  <testcase classname="HB_Active_PPT_TestCases.Lf_DSD_Health_care_Positive_Eligible_flow" name="TS_52_TC_89__to_verify_Dependent_table_Self_DOB_Complete_Enrollment_Page" time="0.001"/>
  <testcase classname="HB_Active_PPT_TestCases.Lf_DSD_Health_care_Positive_Eligible_flow" name="TS_52_TC_91__to_verify_Availabel_to_be_updates_tile_Edit_button_are_redirect_or_not" time="0.001"/>
  <testcase classname="HB_Active_PPT_TestCases.Lf_DSD_Health_care_Positive_Eligible_flow" name="TS_52_TC_92__to_verify_Waived_Benefits_tile_Edit_button_are_redirect_or_not" time="0.001"/>
  <testcase classname="HB_Active_PPT_TestCases.Lf_DSD_Health_care_Positive_Eligible_flow" name="TS_52_TC_93__to_verify_footer_Complete_Enrollment_Button_disable_or_not_when_Check_box_unchecked" time="3.358"/>
  <testcase classname="HB_Active_PPT_TestCases.Lf_DSD_Health_care_Positive_Eligible_flow" name="TS_52_TC_90__to_verify_user_able_to_Select_Check_Box" time="3.24"/>
  <testcase classname="HB_Active_PPT_TestCases.Lf_DSD_Health_care_Positive_Eligible_flow" name="TS_52_TC_94__to_verify_footer_Complete_Enrollment_Button_Enabled_or_not_when_Check_box_is_checked" time="2.107"/>
  <testcase classname="HB_Active_PPT_TestCases.Lf_DSD_Health_care_Positive_Eligible_flow" name="TS_52_TC_95__to_verify_footer_Cancel_Life_Event_button_Present_or_not" time="0.004"/>
  <testcase classname="HB_Active_PPT_TestCases.Lf_DSD_Health_care_Positive_Eligible_flow" name="TS_52_TC_96__to_verify_footer_Back_Button_Present_or_not" time="0.0"/>
  <testcase classname="HB_Active_PPT_TestCases.Lf_DSD_Health_care_Positive_Eligible_flow" name="TS_49_TC_121_to_verify_user_able_to_Complete_Open_Enrollment_Life_Event" time="27.115"/>
</testsuite> <!-- HB_Active_MyAccount_LifeEvent_HealthCare_TestCases -->
