<?xml version="1.0" encoding="UTF-8"?>
<!-- Generated by org.testng.reporters.JUnitXMLReporter -->
<testsuite ignored="0" hostname="UP-005CD237B4KS" failures="0" tests="6" name="HB_Print_Scenario" time="204.223" errors="0" timestamp="03 Jul 2023 13:06:04 GMT">
  <testcase classname="resources.Base" name="@AfterTest teardown" time="10.069">
    <failure type="org.openqa.selenium.WebDriverException" message="disconnected: not connected to DevTools
  (failed to check if window was closed: disconnected: not connected to DevTools)
  (Session info: chrome=114.0.5735.199)
Build info: version: &amp;apos;4.8.3&amp;apos;, revision: &amp;apos;e5e76298c3&amp;apos;
System info: os.name: &amp;apos;Windows 10&amp;apos;, os.arch: &amp;apos;amd64&amp;apos;, os.version: &amp;apos;10.0&amp;apos;, java.version: &amp;apos;17.0.5&amp;apos;
Driver info: org.openqa.selenium.chrome.ChromeDriver
Command: [c8ed783ef9dd8b1c2db7c6e5754f350c, close {}]
Capabilities {acceptInsecureCerts: false, browserName: chrome, browserVersion: 114.0.5735.199, chrome: {chromedriverVersion: 114.0.5735.90 (386bc09e8f4f..., userDataDir: C:\Users\NANDAN~1.GUP\AppDa...}, goog:chromeOptions: {debuggerAddress: localhost:59625}, networkConnectionEnabled: false, pageLoadStrategy: normal, platformName: WINDOWS, proxy: Proxy(), se:cdp: ws://localhost:59625/devtoo..., se:cdpVersion: 114.0.5735.199, setWindowRect: true, strictFileInteractability: false, timeouts: {implicit: 0, pageLoad: 300000, script: 30000}, unhandledPromptBehavior: dismiss and notify, webauthn:extension:credBlob: true, webauthn:extension:largeBlob: true, webauthn:extension:minPinLength: true, webauthn:extension:prf: true, webauthn:virtualAuthenticators: true}
Session ID: c8ed783ef9dd8b1c2db7c6e5754f350c">
      <![CDATA[org.openqa.selenium.WebDriverException: disconnected: not connected to DevTools
  (failed to check if window was closed: disconnected: not connected to DevTools)
  (Session info: chrome=114.0.5735.199)
Build info: version: '4.8.3', revision: 'e5e76298c3'
System info: os.name: 'Windows 10', os.arch: 'amd64', os.version: '10.0', java.version: '17.0.5'
Driver info: org.openqa.selenium.chrome.ChromeDriver
Command: [c8ed783ef9dd8b1c2db7c6e5754f350c, close {}]
Capabilities {acceptInsecureCerts: false, browserName: chrome, browserVersion: 114.0.5735.199, chrome: {chromedriverVersion: 114.0.5735.90 (386bc09e8f4f..., userDataDir: C:\Users\NANDAN~1.GUP\AppDa...}, goog:chromeOptions: {debuggerAddress: localhost:59625}, networkConnectionEnabled: false, pageLoadStrategy: normal, platformName: WINDOWS, proxy: Proxy(), se:cdp: ws://localhost:59625/devtoo..., se:cdpVersion: 114.0.5735.199, setWindowRect: true, strictFileInteractability: false, timeouts: {implicit: 0, pageLoad: 300000, script: 30000}, unhandledPromptBehavior: dismiss and notify, webauthn:extension:credBlob: true, webauthn:extension:largeBlob: true, webauthn:extension:minPinLength: true, webauthn:extension:prf: true, webauthn:virtualAuthenticators: true}
Session ID: c8ed783ef9dd8b1c2db7c6e5754f350c
at org.openqa.selenium.remote.codec.w3c.W3CHttpResponseCodec.createException(W3CHttpResponseCodec.java:200)
at org.openqa.selenium.remote.codec.w3c.W3CHttpResponseCodec.decode(W3CHttpResponseCodec.java:133)
at org.openqa.selenium.remote.codec.w3c.W3CHttpResponseCodec.decode(W3CHttpResponseCodec.java:53)
at org.openqa.selenium.remote.HttpCommandExecutor.execute(HttpCommandExecutor.java:193)
at org.openqa.selenium.remote.service.DriverCommandExecutor.invokeExecute(DriverCommandExecutor.java:183)
at org.openqa.selenium.remote.service.DriverCommandExecutor.execute(DriverCommandExecutor.java:158)
at org.openqa.selenium.remote.RemoteWebDriver.execute(RemoteWebDriver.java:543)
at org.openqa.selenium.remote.RemoteWebDriver.execute(RemoteWebDriver.java:598)
at org.openqa.selenium.remote.RemoteWebDriver.execute(RemoteWebDriver.java:602)
at org.openqa.selenium.remote.RemoteWebDriver.close(RemoteWebDriver.java:419)
at resources.Base.teardown(Base.java:292)
at java.base/java.util.concurrent.FutureTask.run(FutureTask.java:264)
at java.base/java.util.concurrent.ThreadPoolExecutor.runWorker(ThreadPoolExecutor.java:1136)
at java.base/java.util.concurrent.ThreadPoolExecutor$Worker.run(ThreadPoolExecutor.java:635)
at java.base/java.lang.Thread.run(Thread.java:833)
... Removed 20 stack frames]]>
    </failure>
  </testcase> <!-- @AfterTest teardown -->
  <testcase classname="HB_Active_PPT_TestCases.HB_Active_Print_Button_functionality" name="TS_49_TC_01_to_verify_user_able_to_Login_MPC" time="71.622"/>
  <testcase classname="HB_Active_PPT_TestCases.HB_Active_Print_Button_functionality" name="TS_49_TC_02_to_verify_user_able_to_Land_on_MyAccountLife_Event_page" time="53.575">
    <skipped/>
  </testcase> <!-- TS_49_TC_02_to_verify_user_able_to_Land_on_MyAccountLife_Event_page -->
  <testcase classname="HB_Active_PPT_TestCases.HB_Active_Print_Button_functionality" name="TS_49_TC_02_to_verify_user_able_to_Land_on_MyAccountLife_Event_page" time="4.053"/>
  <testcase classname="HB_Active_PPT_TestCases.HB_Active_Print_Button_functionality" name="TS_49_TC_03_to_verify_user_able_to_click_on_Resume_button" time="3.809"/>
  <testcase classname="HB_Active_PPT_TestCases.HB_Active_Print_Button_functionality" name="TS_49_TC_04_to_verify_user_able_to_Land_on_Life_Events_Summary_Page" time="12.992"/>
  <testcase classname="HB_Active_PPT_TestCases.HB_Active_Print_Button_functionality" name="TS_49_TC_05_to_verify_user_able_to_click_Print_Button_Life_Events_Summary_Page_tab1" time="32.151"/>
</testsuite> <!-- HB_Print_Scenario -->
