<?xml version="1.0" encoding="UTF-8"?>
<!-- Generated by org.testng.reporters.JUnitXMLReporter -->
<testsuite ignored="0" hostname="UP-005CD237B4KS" failures="1" tests="2" name="InPay_user_DashboardTest_chromeBrowser" time="10.971" errors="0" timestamp="22 Feb 2024 12:35:18 GMT">
  <testcase classname="DB_InPay_PPT_TestCases.InPay_user_DashboardTest" name="TS_26_TC_01_to_verify_InPay_dashboard_Page" time="0.001">
    <skipped/>
  </testcase> <!-- TS_26_TC_01_to_verify_InPay_dashboard_Page -->
  <testcase classname="DB_InPay_PPT_TestCases.InPay_user_DashboardTest" name="TS_26_TC_01_to_verify_InPay_dashboard_Page" time="0.001">
    <failure type="java.lang.NullPointerException" message="null value in entry: url=null">
      <![CDATA[java.lang.NullPointerException: null value in entry: url=null
at com.google.common.collect.CollectPreconditions.checkEntryNotNull(CollectPreconditions.java:33)
at com.google.common.collect.SingletonImmutableBiMap.<init>(SingletonImmutableBiMap.java:43)
at com.google.common.collect.ImmutableBiMap.of(ImmutableBiMap.java:81)
at com.google.common.collect.ImmutableMap.of(ImmutableMap.java:128)
at org.openqa.selenium.remote.DriverCommand.GET(DriverCommand.java:191)
at org.openqa.selenium.remote.RemoteWebDriver.get(RemoteWebDriver.java:297)
at DB_InPay_PPT_TestCases.InPay_user_DashboardTest.TS_26_TC_01_to_verify_InPay_dashboard_Page(InPay_user_DashboardTest.java:37)
at java.base/java.util.concurrent.FutureTask.run(FutureTask.java:264)
at java.base/java.util.concurrent.ThreadPoolExecutor.runWorker(ThreadPoolExecutor.java:1136)
at java.base/java.util.concurrent.ThreadPoolExecutor$Worker.run(ThreadPoolExecutor.java:635)
at java.base/java.lang.Thread.run(Thread.java:833)
... Removed 16 stack frames]]>
    </failure>
  </testcase> <!-- TS_26_TC_01_to_verify_InPay_dashboard_Page -->
</testsuite> <!-- InPay_user_DashboardTest_chromeBrowser -->
