<?xml version="1.0" encoding="UTF-8"?>
<!-- Generated by org.testng.reporters.JUnitXMLReporter -->
<testsuite ignored="0" hostname="UP-005CG0024FZG" failures="0" tests="6" name="Left_Panel_QuickTool_Feature_HomePge_Test_edge" time="684.525" errors="0" timestamp="2023-02-21T15:55:42 IST">
  <testcase classname="HomePage.TestCase.Left_Panel_QuickTool_Feature_HomePge_Test" name="VerifyLogin" time="99.105"/>
  <testcase classname="HomePage.TestCase.Left_Panel_QuickTool_Feature_HomePge_Test" name="VerifyQuickTool_Header" time="75.679"/>
  <testcase classname="HomePage.TestCase.Left_Panel_QuickTool_Feature_HomePge_Test" name="VerifyQuickTool_First_Item_Clicked_OR_NOT" time="95.903"/>
  <testcase classname="HomePage.TestCase.Left_Panel_QuickTool_Feature_HomePge_Test" name="VerifyQuickTool_Second_Item_Clicked_OR_NOT" time="73.268"/>
  <testcase classname="HomePage.TestCase.Left_Panel_QuickTool_Feature_HomePge_Test" name="VerifyQuickTool_Fourth_Item_Clicked_OR_NOT" time="75.512"/>
  <testcase classname="HomePage.TestCase.Left_Panel_QuickTool_Feature_HomePge_Test" name="VerifyQuickTool_Third_Item_Clicked_OR_NOT" time="23.312"/>
</testsuite> <!-- Left_Panel_QuickTool_Feature_HomePge_Test_edge -->
