<?xml version="1.0" encoding="UTF-8"?>
<!-- Generated by org.testng.reporters.JUnitXMLReporter -->
<testsuite ignored="0" hostname="UP-005CG0024FZG" failures="0" tests="3" name="LoginPag" time="71.155" errors="0" timestamp="2022-09-05T15:59:56 IST">
  <testcase classname="EAS.ForgotUserIdTest" name="VerifyForgetYourUserIdFunctionalitywithCorrectCredentials" time="10.855"/>
  <testcase classname="EAS.ForgotUserIdTest" name="VerifyForgetYourUserIdFunctionalitywithNoCredentials" time="9.629"/>
  <testcase classname="EAS.ForgotUserIdTest" name="VerifyForgetYourUserIdFunctionalitywithCorrectCredential" time="0.936"/>
</testsuite> <!-- LoginPag -->
