<?xml version="1.0" encoding="UTF-8"?>
<!-- Generated by org.testng.reporters.JUnitXMLReporter -->
<testsuite ignored="0" hostname="UP-005CD237B4KS" failures="0" tests="4" name="MyAccountTest" time="70.586" errors="0" timestamp="2023-01-20T09:42:06 IST">
  <testcase classname="MyAccountPage.TestCase.Beneficiaries_Test" name="to_verify_Beneficiaries_Module" time="51.84"/>
  <testcase classname="MyAccountPage.TestCase.Beneficiaries_Test" name="to_verify_EditBeneficiary_Page" time="0.237"/>
  <testcase classname="MyAccountPage.TestCase.Beneficiaries_Test" name="Select_No_Radio_button_Are_u_Married" time="3.977"/>
  <testcase classname="MyAccountPage.TestCase.Beneficiaries_Test" name="to_verify_Edit_Percentage_Functionality" time="8.414"/>
</testsuite> <!-- MyAccountTest -->
