<?xml version="1.0" encoding="UTF-8"?>
<!-- Generated by org.testng.reporters.JUnitXMLReporter -->
<testsuite ignored="0" hostname="UP-005CD237B4KS" failures="0" tests="2" name="MyAccount_Profile_Personalization_TestCases" time="130.825" errors="0" timestamp="03 Aug 2023 14:07:44 GMT">
  <testcase classname="DB_PPT_Common_TestCases.MyAccount_Profile_Personalization_TestCases" name="TS_07_TC_01_to_verify_user_able_to_Login_MPC_with_valid_credentilas" time="83.298"/>
  <testcase classname="DB_PPT_Common_TestCases.MyAccount_Profile_Personalization_TestCases" name="TS_07_TC_02_to_verify_Profile_Personalization_Module" time="33.793"/>
</testsuite> <!-- MyAccount_Profile_Personalization_TestCases -->
