<?xml version="1.0" encoding="UTF-8"?>
<!-- Generated by org.testng.reporters.JUnitXMLReporter -->
<testsuite ignored="0" hostname="UP-005CD237B4KS" failures="0" tests="10" name="MyAccount_Benefeciaries" time="585.075" errors="0" timestamp="04 Mar 2024 12:13:37 GMT">
  <testcase classname="DB_PPT_Common_TestCases.MyAccount_Beneficiaries_TestCases" name="TS_01_TC_01_to_verify_user_able_to_Login_MPC_with_valid_credentilas" time="50.464"/>
  <testcase classname="DB_PPT_Common_TestCases.MyAccount_Beneficiaries_TestCases" name="TS_01_TC_02_to_verify_user_able_to_Land_on_Beneficiaries_Page" time="8.422"/>
  <testcase classname="DB_PPT_Common_TestCases.MyAccount_Beneficiaries_TestCases" name="TS_01_TC_06_to_verify_user_able_toAdd_NewBeneficiaries_By_Select_AreUMarried_No_Button_And_Select_NewIndividuals_And_Priority_Primary_And_Live_Same_Addres" time="88.837"/>
  <testcase classname="DB_PPT_Common_TestCases.MyAccount_Beneficiaries_TestCases" name="TS_01_TC_08_to_verify_user_not_able_toAddNewBeneficiaries_With_Already_Exist_SSNO" time="172.617"/>
  <testcase classname="DB_PPT_Common_TestCases.MyAccount_Beneficiaries_TestCases" name="TS_01_TC_09_to_verify_user_not_able_toAddNewBeneficiaries_With_invalid_SSNO" time="35.024"/>
  <testcase classname="DB_PPT_Common_TestCases.MyAccount_Beneficiaries_TestCases" name="TS_01_TC_10_to_verify_user_Unable_to_Edit_Percentage_with_invalid_inputs" time="34.032"/>
  <testcase classname="DB_PPT_Common_TestCases.MyAccount_Beneficiaries_TestCases" name="TS_01_TC_11_to_verify_user_able_to_Edit_Percentage_with_valid_inputs" time="55.477"/>
  <testcase classname="DB_PPT_Common_TestCases.MyAccount_Beneficiaries_TestCases" name="TS_01_TC_12_to_verify_user_able_to_move_beneficiaries_From_Primary_to_Secondary" time="50.805"/>
  <testcase classname="DB_PPT_Common_TestCases.MyAccount_Beneficiaries_TestCases" name="TS_01_TC_13_to_verify_user_able_to_Delete_Primary_Beneficiaries" time="30.413"/>
  <testcase classname="DB_PPT_Common_TestCases.MyAccount_Beneficiaries_TestCases" name="TS_01_TC_14_to_verify_user_able_to_Delete_Secondary_Beneficiaries" time="37.392"/>
</testsuite> <!-- MyAccount_Benefeciaries -->
