<?xml version="1.0" encoding="UTF-8"?>
<!-- Generated by org.testng.reporters.JUnitXMLReporter -->
<testsuite ignored="0" hostname="UP-005CD237B4KS" failures="1" tests="2" name="Saved_Multiplan_Estimates_Deffered_PPt_TestCaseTestCase_edgeBrowser" time="4.044" errors="0" timestamp="29 Feb 2024 12:15:34 GMT">
  <testcase classname="resources.Base" name="@BeforeTest initDriver" time="4.014">
    <failure type="org.openqa.selenium.remote.http.ConnectionFailedException" message="Unable to establish websocket connection to http://localhost:51899/devtools/browser/c7fe5a05-9696-4b93-9e86-d1fd9ad463ba
Build info: version: &amp;apos;4.1.2&amp;apos;, revision: &amp;apos;9a5a329c5a&amp;apos;
System info: host: &amp;apos;UP-005CD237B4KS&amp;apos;, ip: &amp;apos;192.168.1.6&amp;apos;, os.name: &amp;apos;Windows 10&amp;apos;, os.arch: &amp;apos;amd64&amp;apos;, os.version: &amp;apos;10.0&amp;apos;, java.version: &amp;apos;17.0.5&amp;apos;
Driver info: driver.version: EdgeDriver">
      <![CDATA[org.openqa.selenium.remote.http.ConnectionFailedException: Unable to establish websocket connection to http://localhost:51899/devtools/browser/c7fe5a05-9696-4b93-9e86-d1fd9ad463ba
Build info: version: '4.1.2', revision: '9a5a329c5a'
System info: host: 'UP-005CD237B4KS', ip: '192.168.1.6', os.name: 'Windows 10', os.arch: 'amd64', os.version: '10.0', java.version: '17.0.5'
Driver info: driver.version: EdgeDriver
at org.openqa.selenium.remote.http.netty.NettyWebSocket.<init>(NettyWebSocket.java:104)
at org.openqa.selenium.remote.http.netty.NettyWebSocket.lambda$create$3(NettyWebSocket.java:137)
at org.openqa.selenium.remote.http.netty.NettyClient.openSocket(NettyClient.java:118)
at org.openqa.selenium.devtools.Connection.<init>(Connection.java:77)
at org.openqa.selenium.chromium.ChromiumDriver.lambda$new$2(ChromiumDriver.java:124)
at java.base/java.util.Optional.map(Optional.java:260)
at org.openqa.selenium.chromium.ChromiumDriver.<init>(ChromiumDriver.java:122)
at org.openqa.selenium.edge.EdgeDriver.<init>(EdgeDriver.java:52)
at org.openqa.selenium.edge.EdgeDriver.<init>(EdgeDriver.java:44)
at resources.Base.initDriver(Base.java:199)
at java.base/java.util.concurrent.FutureTask.run(FutureTask.java:264)
at java.base/java.util.concurrent.ThreadPoolExecutor.runWorker(ThreadPoolExecutor.java:1136)
at java.base/java.util.concurrent.ThreadPoolExecutor$Worker.run(ThreadPoolExecutor.java:635)
at java.base/java.lang.Thread.run(Thread.java:833)
... Removed 15 stack frames]]>
    </failure>
  </testcase> <!-- @BeforeTest initDriver -->
  <testcase classname="resources.Base" name="@AfterTest teardown" time="0.0">
    <skipped/>
  </testcase> <!-- @AfterTest teardown -->
  <testcase classname="DB_MultiplanEstimator_PPT_TestCases.Saved_Multiplan_Estimates_Deffered_PPt_TestCase" name="TS_12_TC_01_to_verify_user_able_to_Login_MPC_with_valid_credentials" time="0.0">
    <skipped/>
  </testcase> <!-- TS_12_TC_01_to_verify_user_able_to_Login_MPC_with_valid_credentials -->
  <testcase classname="DB_MultiplanEstimator_PPT_TestCases.Saved_Multiplan_Estimates_Deffered_PPt_TestCase" name="TS_12_TC_01_to_verify_user_able_to_Login_MPC_with_valid_credentials" time="0.01">
    <failure type="java.lang.NullPointerException" message="Cannot invoke &amp;quot;com.aventstack.extentreports.ExtentTest.assignCategory(String[])&amp;quot; because the return value of &amp;quot;extentManager.ExtentTestManager.getTest()&amp;quot; is null">
      <![CDATA[java.lang.NullPointerException: Cannot invoke "com.aventstack.extentreports.ExtentTest.assignCategory(String[])" because the return value of "extentManager.ExtentTestManager.getTest()" is null
at customListeners.TestListener.onTestSkipped(TestListener.java:127)
at java.base/java.util.concurrent.FutureTask.run(FutureTask.java:264)
at java.base/java.util.concurrent.ThreadPoolExecutor.runWorker(ThreadPoolExecutor.java:1136)
at java.base/java.util.concurrent.ThreadPoolExecutor$Worker.run(ThreadPoolExecutor.java:635)
at java.base/java.lang.Thread.run(Thread.java:833)
... Removed 14 stack frames]]>
    </failure>
  </testcase> <!-- TS_12_TC_01_to_verify_user_able_to_Login_MPC_with_valid_credentials -->
</testsuite> <!-- Saved_Multiplan_Estimates_Deffered_PPt_TestCaseTestCase_edgeBrowser -->
