<?xml version="1.0" encoding="UTF-8"?>
<!-- Generated by org.testng.reporters.JUnitXMLReporter -->
<testsuite ignored="0" hostname="UP-005CG0024FZG" failures="1" tests="11" name="SecureMessage" time="689.986" errors="0" timestamp="2022-10-25T12:40:43 IST">
  <testcase classname="EAS.SecureMessagesTest" name="DoingLoginToVerifySecureMessageFeature" time="26.782"/>
  <testcase classname="EAS.SecureMessagesTest" name="VerifySecureMessage" time="62.516"/>
  <testcase classname="EAS.SecureMessagesTest" name="SendingTwoSecureMessageToAdminPortal" time="115.104"/>
  <testcase classname="EAS.SecureMessagesTest" name="VerifySecureMessageSendButtonClickFunctionalitywithoutAnyDataInput" time="18.953"/>
  <testcase classname="EAS.SecureMessagesTest" name="VerifyTopicDropDownValuesMatchingWithCorrectValuas" time="246.026">
    <skipped/>
  </testcase> <!-- VerifyTopicDropDownValuesMatchingWithCorrectValuas -->
  <testcase classname="EAS.SecureMessagesTest" name="VerifyTopicDropDownValuesMatchingWithCorrectValuas" time="17.407"/>
  <testcase classname="EAS.SecureMessagesTest" name="VerifyArchivedFunctionality" time="15.378"/>
  <testcase classname="EAS.SecureMessagesTest" name="VerifySecureMessageFilter" time="21.683"/>
  <testcase classname="EAS.SecureMessagesTest" name="VerifyReplyMessageFunctionality" time="41.959"/>
  <testcase classname="EAS.SecureMessagesTest" name="VerifySecureMessageSentToAdminPortal" time="73.354">
    <skipped/>
  </testcase> <!-- VerifySecureMessageSentToAdminPortal -->
  <testcase classname="EAS.SecureMessagesTest" name="VerifySecureMessageSentToAdminPortal" time="23.372">
    <failure type="java.lang.AssertionError" message="expected [ji] but found [h]">
      <![CDATA[java.lang.AssertionError: expected [ji] but found [h]
at EAS.SecureMessagesTest.VerifySecureMessageSentToAdminPortal(SecureMessagesTest.java:786)
at java.base/java.util.ArrayList.forEach(ArrayList.java:1511)
... Removed 33 stack frames]]>
    </failure>
  </testcase> <!-- VerifySecureMessageSentToAdminPortal -->
</testsuite> <!-- SecureMessage -->
