<?xml version="1.0" encoding="UTF-8"?>
<!-- Generated by org.testng.reporters.JUnitXMLReporter -->
<testsuite ignored="0" hostname="UP-005CG0024FZG" failures="2" tests="3" name="SelfRegistrationTest" time="73.9" errors="0" timestamp="2022-10-06T18:50:49 IST">
  <testcase classname="EAS.SelfRegistrationTest" name="@AfterTest teardown" time="0.025">
    <failure type="org.openqa.selenium.NoSuchWindowException" message="no such window: target window already closed
from unknown error: web view not found
  (Session info: MicrosoftEdge=105.0.1343.53)
Build info: version: &amp;apos;4.2.2&amp;apos;, revision: &amp;apos;683ccb65d6&amp;apos;
System info: host: &amp;apos;UP-005CG0024FZG&amp;apos;, ip: &amp;apos;192.168.31.210&amp;apos;, os.name: &amp;apos;Windows 10&amp;apos;, os.arch: &amp;apos;amd64&amp;apos;, os.version: &amp;apos;10.0&amp;apos;, java.version: &amp;apos;17.0.3&amp;apos;
Driver info: org.openqa.selenium.edge.EdgeDriver
Command: [05cddc3c427915f2a20efbf6fe0afe1f, close {}]
Capabilities {acceptInsecureCerts: false, browserName: msedge, browserVersion: 105.0.1343.53, ms:edgeOptions: {debuggerAddress: localhost:51014}, msedge: {msedgedriverVersion: 105.0.1343.53 (3a47f00402d5..., userDataDir: C:\Users\PRADEE~1.NAY\AppDa...}, networkConnectionEnabled: false, pageLoadStrategy: normal, platformName: WINDOWS, proxy: Proxy(), se:cdp: ws://localhost:51014/devtoo..., se:cdpVersion: 105.0.1343.53, setWindowRect: true, strictFileInteractability: false, timeouts: {implicit: 0, pageLoad: 300000, script: 30000}, unhandledPromptBehavior: dismiss and notify, webauthn:extension:credBlob: true, webauthn:extension:largeBlob: true, webauthn:virtualAuthenticators: true}
Session ID: 05cddc3c427915f2a20efbf6fe0afe1f">
      <![CDATA[org.openqa.selenium.NoSuchWindowException: no such window: target window already closed
from unknown error: web view not found
  (Session info: MicrosoftEdge=105.0.1343.53)
Build info: version: '4.2.2', revision: '683ccb65d6'
System info: host: 'UP-005CG0024FZG', ip: '192.168.31.210', os.name: 'Windows 10', os.arch: 'amd64', os.version: '10.0', java.version: '17.0.3'
Driver info: org.openqa.selenium.edge.EdgeDriver
Command: [05cddc3c427915f2a20efbf6fe0afe1f, close {}]
Capabilities {acceptInsecureCerts: false, browserName: msedge, browserVersion: 105.0.1343.53, ms:edgeOptions: {debuggerAddress: localhost:51014}, msedge: {msedgedriverVersion: 105.0.1343.53 (3a47f00402d5..., userDataDir: C:\Users\PRADEE~1.NAY\AppDa...}, networkConnectionEnabled: false, pageLoadStrategy: normal, platformName: WINDOWS, proxy: Proxy(), se:cdp: ws://localhost:51014/devtoo..., se:cdpVersion: 105.0.1343.53, setWindowRect: true, strictFileInteractability: false, timeouts: {implicit: 0, pageLoad: 300000, script: 30000}, unhandledPromptBehavior: dismiss and notify, webauthn:extension:credBlob: true, webauthn:extension:largeBlob: true, webauthn:virtualAuthenticators: true}
Session ID: 05cddc3c427915f2a20efbf6fe0afe1f
at org.openqa.selenium.remote.codec.w3c.W3CHttpResponseCodec.createException(W3CHttpResponseCodec.java:200)
at org.openqa.selenium.remote.codec.w3c.W3CHttpResponseCodec.decode(W3CHttpResponseCodec.java:133)
at org.openqa.selenium.remote.codec.w3c.W3CHttpResponseCodec.decode(W3CHttpResponseCodec.java:53)
at org.openqa.selenium.remote.HttpCommandExecutor.execute(HttpCommandExecutor.java:184)
at org.openqa.selenium.remote.service.DriverCommandExecutor.invokeExecute(DriverCommandExecutor.java:167)
at org.openqa.selenium.remote.service.DriverCommandExecutor.execute(DriverCommandExecutor.java:142)
at org.openqa.selenium.remote.RemoteWebDriver.execute(RemoteWebDriver.java:588)
at org.openqa.selenium.remote.RemoteWebDriver.execute(RemoteWebDriver.java:643)
at org.openqa.selenium.remote.RemoteWebDriver.execute(RemoteWebDriver.java:647)
at org.openqa.selenium.remote.RemoteWebDriver.close(RemoteWebDriver.java:473)
at EAS.SelfRegistrationTest.teardown(SelfRegistrationTest.java:214)
at java.base/java.util.concurrent.FutureTask.run(FutureTask.java:264)
at java.base/java.util.concurrent.ThreadPoolExecutor.runWorker(ThreadPoolExecutor.java:1136)
at java.base/java.util.concurrent.ThreadPoolExecutor$Worker.run(ThreadPoolExecutor.java:635)
at java.base/java.lang.Thread.run(Thread.java:833)
... Removed 19 stack frames]]>
    </failure>
  </testcase> <!-- @AfterTest teardown -->
  <testcase classname="EAS.SelfRegistrationTest" name="ClickOnSelfRegistrationLink" time="3.33"/>
  <testcase classname="EAS.SelfRegistrationTest" name="VerifySelfRegistration" time="16.757">
    <failure type="org.openqa.selenium.NoSuchElementException" message="Unable to find element with locator By.xpath: //iframe[@title=&amp;apos;reCAPTCHA&amp;apos;]
For documentation on this error, please visit: https://selenium.dev/exceptions/#no_such_element
Build info: version: &amp;apos;4.2.2&amp;apos;, revision: &amp;apos;683ccb65d6&amp;apos;
System info: host: &amp;apos;UP-005CG0024FZG&amp;apos;, ip: &amp;apos;192.168.31.210&amp;apos;, os.name: &amp;apos;Windows 10&amp;apos;, os.arch: &amp;apos;amd64&amp;apos;, os.version: &amp;apos;10.0&amp;apos;, java.version: &amp;apos;17.0.3&amp;apos;
Driver info: driver.version: RemoteWebDriver">
      <![CDATA[org.openqa.selenium.NoSuchElementException: Unable to find element with locator By.xpath: //iframe[@title='reCAPTCHA']
For documentation on this error, please visit: https://selenium.dev/exceptions/#no_such_element
Build info: version: '4.2.2', revision: '683ccb65d6'
System info: host: 'UP-005CG0024FZG', ip: '192.168.31.210', os.name: 'Windows 10', os.arch: 'amd64', os.version: '10.0', java.version: '17.0.3'
Driver info: driver.version: RemoteWebDriver
at org.openqa.selenium.remote.ElementLocation$ElementFinder$2.findElement(ElementLocation.java:165)
at org.openqa.selenium.remote.ElementLocation.findElement(ElementLocation.java:60)
at org.openqa.selenium.remote.RemoteWebDriver.findElement(RemoteWebDriver.java:406)
at org.openqa.selenium.remote.RemoteWebDriver.findElement(RemoteWebDriver.java:398)
at pageObjects.SelfRegistration.VerifySelfRegistrationWithProfileDetails(SelfRegistration.java:211)
at EAS.SelfRegistrationTest.VerifySelfRegistration(SelfRegistrationTest.java:80)
at java.base/java.util.ArrayList.forEach(ArrayList.java:1511)
at java.base/java.util.concurrent.FutureTask.run(FutureTask.java:264)
at java.base/java.util.concurrent.ThreadPoolExecutor.runWorker(ThreadPoolExecutor.java:1136)
at java.base/java.util.concurrent.ThreadPoolExecutor$Worker.run(ThreadPoolExecutor.java:635)
at java.base/java.lang.Thread.run(Thread.java:833)
... Removed 18 stack frames]]>
    </failure>
  </testcase> <!-- VerifySelfRegistration -->
  <testcase classname="EAS.SelfRegistrationTest" name="VerifySelfRegistration" time="16.8">
    <failure type="org.openqa.selenium.NoSuchWindowException" message="no such window: target window already closed
from unknown error: web view not found
  (Session info: MicrosoftEdge=105.0.1343.53)
Build info: version: &amp;apos;4.2.2&amp;apos;, revision: &amp;apos;683ccb65d6&amp;apos;
System info: host: &amp;apos;UP-005CG0024FZG&amp;apos;, ip: &amp;apos;192.168.31.210&amp;apos;, os.name: &amp;apos;Windows 10&amp;apos;, os.arch: &amp;apos;amd64&amp;apos;, os.version: &amp;apos;10.0&amp;apos;, java.version: &amp;apos;17.0.3&amp;apos;
Driver info: org.openqa.selenium.edge.EdgeDriver
Command: [05cddc3c427915f2a20efbf6fe0afe1f, screenshot {}]
Capabilities {acceptInsecureCerts: false, browserName: msedge, browserVersion: 105.0.1343.53, ms:edgeOptions: {debuggerAddress: localhost:51014}, msedge: {msedgedriverVersion: 105.0.1343.53 (3a47f00402d5..., userDataDir: C:\Users\PRADEE~1.NAY\AppDa...}, networkConnectionEnabled: false, pageLoadStrategy: normal, platformName: WINDOWS, proxy: Proxy(), se:cdp: ws://localhost:51014/devtoo..., se:cdpVersion: 105.0.1343.53, setWindowRect: true, strictFileInteractability: false, timeouts: {implicit: 0, pageLoad: 300000, script: 30000}, unhandledPromptBehavior: dismiss and notify, webauthn:extension:credBlob: true, webauthn:extension:largeBlob: true, webauthn:virtualAuthenticators: true}
Session ID: 05cddc3c427915f2a20efbf6fe0afe1f">
      <![CDATA[org.openqa.selenium.NoSuchWindowException: no such window: target window already closed
from unknown error: web view not found
  (Session info: MicrosoftEdge=105.0.1343.53)
Build info: version: '4.2.2', revision: '683ccb65d6'
System info: host: 'UP-005CG0024FZG', ip: '192.168.31.210', os.name: 'Windows 10', os.arch: 'amd64', os.version: '10.0', java.version: '17.0.3'
Driver info: org.openqa.selenium.edge.EdgeDriver
Command: [05cddc3c427915f2a20efbf6fe0afe1f, screenshot {}]
Capabilities {acceptInsecureCerts: false, browserName: msedge, browserVersion: 105.0.1343.53, ms:edgeOptions: {debuggerAddress: localhost:51014}, msedge: {msedgedriverVersion: 105.0.1343.53 (3a47f00402d5..., userDataDir: C:\Users\PRADEE~1.NAY\AppDa...}, networkConnectionEnabled: false, pageLoadStrategy: normal, platformName: WINDOWS, proxy: Proxy(), se:cdp: ws://localhost:51014/devtoo..., se:cdpVersion: 105.0.1343.53, setWindowRect: true, strictFileInteractability: false, timeouts: {implicit: 0, pageLoad: 300000, script: 30000}, unhandledPromptBehavior: dismiss and notify, webauthn:extension:credBlob: true, webauthn:extension:largeBlob: true, webauthn:virtualAuthenticators: true}
Session ID: 05cddc3c427915f2a20efbf6fe0afe1f
at org.openqa.selenium.remote.codec.w3c.W3CHttpResponseCodec.createException(W3CHttpResponseCodec.java:200)
at org.openqa.selenium.remote.codec.w3c.W3CHttpResponseCodec.decode(W3CHttpResponseCodec.java:133)
at org.openqa.selenium.remote.codec.w3c.W3CHttpResponseCodec.decode(W3CHttpResponseCodec.java:53)
at org.openqa.selenium.remote.HttpCommandExecutor.execute(HttpCommandExecutor.java:184)
at org.openqa.selenium.remote.service.DriverCommandExecutor.invokeExecute(DriverCommandExecutor.java:167)
at org.openqa.selenium.remote.service.DriverCommandExecutor.execute(DriverCommandExecutor.java:142)
at org.openqa.selenium.remote.RemoteWebDriver.execute(RemoteWebDriver.java:588)
at org.openqa.selenium.remote.RemoteWebDriver.execute(RemoteWebDriver.java:643)
at org.openqa.selenium.remote.RemoteWebDriver.execute(RemoteWebDriver.java:647)
at org.openqa.selenium.remote.RemoteWebDriver.getScreenshotAs(RemoteWebDriver.java:372)
at resources.base.takeScreenshot(base.java:180)
at customListeners.TestListener.onTestFailure(TestListener.java:68)
at java.base/java.util.ArrayList.forEach(ArrayList.java:1511)
at java.base/java.util.concurrent.FutureTask.run(FutureTask.java:264)
at java.base/java.util.concurrent.ThreadPoolExecutor.runWorker(ThreadPoolExecutor.java:1136)
at java.base/java.util.concurrent.ThreadPoolExecutor$Worker.run(ThreadPoolExecutor.java:635)
at java.base/java.lang.Thread.run(Thread.java:833)
... Removed 19 stack frames]]>
    </failure>
  </testcase> <!-- VerifySelfRegistration -->
</testsuite> <!-- SelfRegistrationTest -->
