<?xml version="1.0" encoding="UTF-8"?>
<!-- Generated by org.testng.reporters.JUnitXMLReporter -->
<testsuite ignored="0" hostname="UP-005CD237B4KS" failures="0" tests="16" name="SideBarLeftPanelTest" time="136.894" errors="0" timestamp="29 Feb 2024 04:19:34 GMT">
  <testcase classname="DB_PPT_Common_TestCases.LeftPenalFeatureInHomePageTest" name="VerifyLogin" time="26.616"/>
  <testcase classname="DB_PPT_Common_TestCases.LeftPenalFeatureInHomePageTest" name="VerifyEditButton" time="13.82"/>
  <testcase classname="DB_PPT_Common_TestCases.LeftPenalFeatureInHomePageTest" name="VerifyEditButtonClickRedirection" time="12.441"/>
  <testcase classname="DB_PPT_Common_TestCases.LeftPenalFeatureInHomePageTest" name="VerifyUserNameAndSidebarLeftPanelTitleDisplayedOrNot" time="4.126"/>
  <testcase classname="DB_PPT_Common_TestCases.LeftPenalFeatureInHomePageTest" name="VerifyFirstCardtileParagraph" time="0.061"/>
  <testcase classname="DB_PPT_Common_TestCases.LeftPenalFeatureInHomePageTest" name="VerifyFirstCardTileAncherLinkButtonClick" time="0.001"/>
  <testcase classname="DB_PPT_Common_TestCases.LeftPenalFeatureInHomePageTest" name="VerifyAditionalActionCardHeaderAndParagraphText" time="0.098"/>
  <testcase classname="DB_PPT_Common_TestCases.LeftPenalFeatureInHomePageTest" name="VerifyAditionalActionCardLinkCount" time="0.032"/>
  <testcase classname="DB_PPT_Common_TestCases.LeftPenalFeatureInHomePageTest" name="VerifyAditionalActionCardClickOnFirstLinkToCheckRedirection" time="0.002"/>
  <testcase classname="DB_PPT_Common_TestCases.LeftPenalFeatureInHomePageTest" name="VerifyAditionalActionCardClickOnViewAllButtonToCheckRedirection" time="15.395"/>
  <testcase classname="DB_PPT_Common_TestCases.LeftPenalFeatureInHomePageTest" name="VerifyMyAccountHeaderAndParagraphText" time="16.332"/>
  <testcase classname="DB_PPT_Common_TestCases.LeftPenalFeatureInHomePageTest" name="ClickOnViewProfileButtonInMyAccountTileLeftPanel" time="8.52"/>
  <testcase classname="DB_PPT_Common_TestCases.LeftPenalFeatureInHomePageTest" name="VerifyKnowledgeCenterHeaderAndParagraphText" time="4.183"/>
  <testcase classname="DB_PPT_Common_TestCases.LeftPenalFeatureInHomePageTest" name="VerifyClickOnVisitKnowledgeCenterTileLeftPanel" time="10.401"/>
  <testcase classname="DB_PPT_Common_TestCases.LeftPenalFeatureInHomePageTest" name="VerifyManageBeneficieriesHeaderAndParagraphText" time="5.198"/>
  <testcase classname="DB_PPT_Common_TestCases.LeftPenalFeatureInHomePageTest" name="VerifyClickOnViewBeneficieriesLinkInManageBeneficieriesOnLeftPanel" time="9.775"/>
</testsuite> <!-- SideBarLeftPanelTest -->
