<?xml version="1.0" encoding="UTF-8"?>
<!-- Generated by org.testng.reporters.JUnitReportReporter -->
<testsuite hostname="UP-005CD237B4KS" failures="0" tests="74" name="HB_BirthAdoptions_LifeEvent_Safari_TestCases.HB_BirthAdoptions_LifeEvent_Safari_PPT1" time="483.056" errors="0" timestamp="26 Jun 2023 11:26:54 GMT" skipped="0">
  <testcase classname="HB_BirthAdoptions_LifeEvent_Safari_TestCases.HB_BirthAdoptions_LifeEvent_Safari_PPT1" name="TS_49_TC_01_to_verify_user_able_to_Login_MPC_With_valid_credentials" time="36.418"/>
  <testcase classname="HB_BirthAdoptions_LifeEvent_Safari_TestCases.HB_BirthAdoptions_LifeEvent_Safari_PPT1" name="TS_49_TC_02_to_verify_user_able_to_Land_on_LifeEvents_Summary_Page" time="42.547"/>
  <testcase classname="HB_BirthAdoptions_LifeEvent_Safari_TestCases.HB_BirthAdoptions_LifeEvent_Safari_PPT1" name="TS_49_TC_49_to_verify_user_able_to_click_Print_Button_Life_Events_Summary_Page_tab1" time="0.013"/>
  <testcase classname="HB_BirthAdoptions_LifeEvent_Safari_TestCases.HB_BirthAdoptions_LifeEvent_Safari_PPT1" name="TS_49_TC_50_to_verify_Size_And_text_of_Sub_tab_Summary_Page_" time="3.881"/>
  <testcase classname="HB_BirthAdoptions_LifeEvent_Safari_TestCases.HB_BirthAdoptions_LifeEvent_Safari_PPT1" name="TS_49_TC_51_to_verify_user_able_to_switch_tabs_from_one_tab_another" time="4.507"/>
  <testcase classname="HB_BirthAdoptions_LifeEvent_Safari_TestCases.HB_BirthAdoptions_LifeEvent_Safari_PPT1" name="TS_49_TC_52_to_verify_Dependent_table_name_Self" time="2.435"/>
  <testcase classname="HB_BirthAdoptions_LifeEvent_Safari_TestCases.HB_BirthAdoptions_LifeEvent_Safari_PPT1" name="TS_49_TC_53__to_verify_Dependent_table_Self_DOB" time="2.061"/>
  <testcase classname="HB_BirthAdoptions_LifeEvent_Safari_TestCases.HB_BirthAdoptions_LifeEvent_Safari_PPT1" name="TS_49_TC_54_to_verify_if_user_Select_Medical_Plan_then_tick_Mark_Should_be_there_else_not" time="0.667"/>
  <testcase classname="HB_BirthAdoptions_LifeEvent_Safari_TestCases.HB_BirthAdoptions_LifeEvent_Safari_PPT1" name="TS_49_TC_55_to_verify_if_user_Select_Dental_Plan_then_tick_Mark_Should_be_there_else_not" time="0.001"/>
  <testcase classname="HB_BirthAdoptions_LifeEvent_Safari_TestCases.HB_BirthAdoptions_LifeEvent_Safari_PPT1" name="TS_49_TC_56_to_verify_if_user_Select_Vision_Plan_then_tick_Mark_Should_be_there_else_not" time="0.000"/>
  <testcase classname="HB_BirthAdoptions_LifeEvent_Safari_TestCases.HB_BirthAdoptions_LifeEvent_Safari_PPT1" name="TS_49_TC_57_to_verify_user_able_to_redirect_to_correctPage_After_Clicking_Edit_Button_in_Available_to_be_updated_Sections_Palte" time="0.001"/>
  <testcase classname="HB_BirthAdoptions_LifeEvent_Safari_TestCases.HB_BirthAdoptions_LifeEvent_Safari_PPT1" name="TS_49_TC_58_to_verify_user_able_to_redirect_to_correctPage_After_Clicking_Edit_Button_in_Waved_Benefits_Plate" time="0.001"/>
  <testcase classname="HB_BirthAdoptions_LifeEvent_Safari_TestCases.HB_BirthAdoptions_LifeEvent_Safari_PPT1" name="TS_49_TC_59_to_verify_footer_dark_table_details" time="0.000"/>
  <testcase classname="HB_BirthAdoptions_LifeEvent_Safari_TestCases.HB_BirthAdoptions_LifeEvent_Safari_PPT1" name="TS_49_TC_60_to_verify_data_Present_in_Plates_or_not_in_Available_to_be_updated_Sections_Palte" time="0.000"/>
  <testcase classname="HB_BirthAdoptions_LifeEvent_Safari_TestCases.HB_BirthAdoptions_LifeEvent_Safari_PPT1" name="TS_49_TC_61_to_verify_data_Present_in_Plates_or_not_in_Waved_Benefits_Plate_Sections" time="0.001"/>
  <testcase classname="HB_BirthAdoptions_LifeEvent_Safari_TestCases.HB_BirthAdoptions_LifeEvent_Safari_PPT1" name="TS_49_TC_62_to_verify_user_able_to_click_Print_Button_Life_Events_Summary_Page_tab2_2023_coverage" time="0.001"/>
  <testcase classname="HB_BirthAdoptions_LifeEvent_Safari_TestCases.HB_BirthAdoptions_LifeEvent_Safari_PPT1" name="TS_49_TC_63_to_verify_Dependent_table_name_Self_matched_or_not_2023" time="0.001"/>
  <testcase classname="HB_BirthAdoptions_LifeEvent_Safari_TestCases.HB_BirthAdoptions_LifeEvent_Safari_PPT1" name="TS_49_TC_64_to_verify_Dependent_table_Self_DOB_matched_or_not_2023" time="0.001"/>
  <testcase classname="HB_BirthAdoptions_LifeEvent_Safari_TestCases.HB_BirthAdoptions_LifeEvent_Safari_PPT1" name="TS_49_TC_65_to_verify_if_user_Select_Medical_Plan_then_tick_Mark_Should_be_there_else_not_tab_2023" time="0.000"/>
  <testcase classname="HB_BirthAdoptions_LifeEvent_Safari_TestCases.HB_BirthAdoptions_LifeEvent_Safari_PPT1" name="TS_49_TC_66_to_verify_if_user_Select_Dental_Plan_then_tick_Mark_Should_be_there_else_not_tab_2023" time="0.001"/>
  <testcase classname="HB_BirthAdoptions_LifeEvent_Safari_TestCases.HB_BirthAdoptions_LifeEvent_Safari_PPT1" name="TS_49_TC_67_to_verify_if_user_Select_Medical_Plan_then_tick_Mark_Should_be_there_else_not_tab_2023" time="0.003"/>
  <testcase classname="HB_BirthAdoptions_LifeEvent_Safari_TestCases.HB_BirthAdoptions_LifeEvent_Safari_PPT1" name="TS_49_TC_68_to_verify_user_able_to_redirect_to_correctPage_After_Clicking_Edit_Button_of_tab_2_Plates_2023_coverage" time="0.001"/>
  <testcase classname="HB_BirthAdoptions_LifeEvent_Safari_TestCases.HB_BirthAdoptions_LifeEvent_Safari_PPT1" name="TS_49_TC_69_to_verify_footer_dark_table_details_tab_2_Plates_2023_coverage" time="0.001"/>
  <testcase classname="HB_BirthAdoptions_LifeEvent_Safari_TestCases.HB_BirthAdoptions_LifeEvent_Safari_PPT1" name="TS_49_TC_70_to_verify_user_able_to_Land_on_LifeEvents_Health_Page" time="18.781"/>
  <testcase classname="HB_BirthAdoptions_LifeEvent_Safari_TestCases.HB_BirthAdoptions_LifeEvent_Safari_PPT1" name="TS_49_TC_71_to_verify_user_able_to_Edit_Medical_Plan_if_its_Editable_For_Employee_only" time="1.452"/>
  <testcase classname="HB_BirthAdoptions_LifeEvent_Safari_TestCases.HB_BirthAdoptions_LifeEvent_Safari_PPT1" name="TS_49_TC_72_to_verify_user_able_to_Edit_Dental_Plan_if_its_Editable" time="0.000"/>
  <testcase classname="HB_BirthAdoptions_LifeEvent_Safari_TestCases.HB_BirthAdoptions_LifeEvent_Safari_PPT1" name="TS_49_TC_73_to_verify_user_able_to_Edit_Vison_Plan_if_its_Editable" time="0.001"/>
  <testcase classname="HB_BirthAdoptions_LifeEvent_Safari_TestCases.HB_BirthAdoptions_LifeEvent_Safari_PPT1" name="TS_49_TC_74_to_verify_user_able_to_switch_tabs_from_one_tab_another_Health_care" time="2.623"/>
  <testcase classname="HB_BirthAdoptions_LifeEvent_Safari_TestCases.HB_BirthAdoptions_LifeEvent_Safari_PPT1" name="TS_49_TC_75_to_verify_user_abale_to_comapre_Plan_Health_care_Page" time="0.001"/>
  <testcase classname="HB_BirthAdoptions_LifeEvent_Safari_TestCases.HB_BirthAdoptions_LifeEvent_Safari_PPT1" name="TS_49_TC_76_to_verify_When_user_select_High_Deductible_Plan_Then_HSA_POPUP_Should_come" time="17.576"/>
  <testcase classname="HB_BirthAdoptions_LifeEvent_Safari_TestCases.HB_BirthAdoptions_LifeEvent_Safari_PPT1" name="TS_49_TC_77_to_verify_Wnen_user_Click_Next_Button_of_HSA_POPUP_then_QA_Should_comes" time="6.325"/>
  <testcase classname="HB_BirthAdoptions_LifeEvent_Safari_TestCases.HB_BirthAdoptions_LifeEvent_Safari_PPT1" name="TS_49_TC_78_to_verify_user_abale_to_make_PPT_Eligible_for_HSA_by_Selecting_All_Ans_NO" time="10.749"/>
  <testcase classname="HB_BirthAdoptions_LifeEvent_Safari_TestCases.HB_BirthAdoptions_LifeEvent_Safari_PPT1" name="TS_49_TC_79_to_verify_user_able_to_see_healthSavingAccountTrustAgreement_when_clicking_Next_Button_After_Making_PPT_Eligible" time="3.927"/>
  <testcase classname="HB_BirthAdoptions_LifeEvent_Safari_TestCases.HB_BirthAdoptions_LifeEvent_Safari_PPT1" name="TS_49_TC_80_to_verify_user_able_to_see_healthSavingAccountBankAgreement_when_clicking_Next_Button_After_Making_PPT_Eligible" time="4.297"/>
  <testcase classname="HB_BirthAdoptions_LifeEvent_Safari_TestCases.HB_BirthAdoptions_LifeEvent_Safari_PPT1" name="TS_49_TC_81_to_verify_High_dedudctible_plan_pay_Period_your_contribution_Page" time="1.773"/>
  <testcase classname="HB_BirthAdoptions_LifeEvent_Safari_TestCases.HB_BirthAdoptions_LifeEvent_Safari_PPT1" name="TS_49_TC_82__to_Make_HSA_Contributions_Select_button_enabled" time="5.249"/>
  <testcase classname="HB_BirthAdoptions_LifeEvent_Safari_TestCases.HB_BirthAdoptions_LifeEvent_Safari_PPT1" name="TS_49_TC_83_Click_on_Select_button_After_Making_Contributions" time="4.994"/>
  <testcase classname="HB_BirthAdoptions_LifeEvent_Safari_TestCases.HB_BirthAdoptions_LifeEvent_Safari_PPT1" name="TS_49_TC_84_to_verify_user_able_to_Land_on_LifeEvents_SpendingAccount_Page" time="24.157"/>
  <testcase classname="HB_BirthAdoptions_LifeEvent_Safari_TestCases.HB_BirthAdoptions_LifeEvent_Safari_PPT1" name="TS_49_TC_85_to_verify_3_Eligible_Options_availabe_on_header_text_Spending_Account" time="0.001"/>
  <testcase classname="HB_BirthAdoptions_LifeEvent_Safari_TestCases.HB_BirthAdoptions_LifeEvent_Safari_PPT1" name="TS_49_TC_86_to_verify_HSA_Enable_and_Edit_Contribution" time="0.001"/>
  <testcase classname="HB_BirthAdoptions_LifeEvent_Safari_TestCases.HB_BirthAdoptions_LifeEvent_Safari_PPT1" name="TS_49_TC_87_to_verify_LPHCSA_Enable_and_Edit_Contribution" time="0.002"/>
  <testcase classname="HB_BirthAdoptions_LifeEvent_Safari_TestCases.HB_BirthAdoptions_LifeEvent_Safari_PPT1" name="TS_49_TC_88__to_verify_DCSA_Enable_and_Edit_Contribution" time="0.000"/>
  <testcase classname="HB_BirthAdoptions_LifeEvent_Safari_TestCases.HB_BirthAdoptions_LifeEvent_Safari_PPT1" name="TS_49_TC_89__to_verify_HCSA_Should_be_Disable" time="0.001"/>
  <testcase classname="HB_BirthAdoptions_LifeEvent_Safari_TestCases.HB_BirthAdoptions_LifeEvent_Safari_PPT1" name="TS_49_TC_90_to_verify_user_go_back_Health_care_Medical_Page_and_Select_Non_High_Deductible_Plan" time="61.305"/>
  <testcase classname="HB_BirthAdoptions_LifeEvent_Safari_TestCases.HB_BirthAdoptions_LifeEvent_Safari_PPT1" name="TS_49_TC_91__to_verify_user_Abel_to_Select_Depedents_By_clicking_Apply_Button_" time="0.001"/>
  <testcase classname="HB_BirthAdoptions_LifeEvent_Safari_TestCases.HB_BirthAdoptions_LifeEvent_Safari_PPT1" name="TS_49_TC_92__to_verify_2_Eligible_Options_availabe_on_header_text_Spending_Account" time="7.663"/>
  <testcase classname="HB_BirthAdoptions_LifeEvent_Safari_TestCases.HB_BirthAdoptions_LifeEvent_Safari_PPT1" name="TS_49_TC_93__to_verify_HSA_Disable" time="0.001"/>
  <testcase classname="HB_BirthAdoptions_LifeEvent_Safari_TestCases.HB_BirthAdoptions_LifeEvent_Safari_PPT1" name="TS_49_TC_94__to_verify_LPHCSA_Disble" time="0.002"/>
  <testcase classname="HB_BirthAdoptions_LifeEvent_Safari_TestCases.HB_BirthAdoptions_LifeEvent_Safari_PPT1" name="TS_49_TC_95__to_verify_DCSA_Enable" time="0.001"/>
  <testcase classname="HB_BirthAdoptions_LifeEvent_Safari_TestCases.HB_BirthAdoptions_LifeEvent_Safari_PPT1" name="TS_49_TC_96__to_verify_HCSASA_Should_be_Enable" time="0.001"/>
  <testcase classname="HB_BirthAdoptions_LifeEvent_Safari_TestCases.HB_BirthAdoptions_LifeEvent_Safari_PPT1" name="TS_49_TC_97__Now_user_Go_back_to_Health_care_Medical_page_Select_High_Deductible_Plans_again_Then_contribution_PoPUP_Should_come" time="11.291"/>
  <testcase classname="HB_BirthAdoptions_LifeEvent_Safari_TestCases.HB_BirthAdoptions_LifeEvent_Safari_PPT1" name="TS_49_TC_98_to_verify_High_dedudctible_plan_pay_Period_your_contribution_Page" time="3.818"/>
  <testcase classname="HB_BirthAdoptions_LifeEvent_Safari_TestCases.HB_BirthAdoptions_LifeEvent_Safari_PPT1" name="TS_49_TC_99_to_Make_HSA_Contributions_Select_button_enabled" time="5.285"/>
  <testcase classname="HB_BirthAdoptions_LifeEvent_Safari_TestCases.HB_BirthAdoptions_LifeEvent_Safari_PPT1" name="TS_49_TC_100_Click_on_Select_button_After_Making_Contributions" time="3.431"/>
  <testcase classname="HB_BirthAdoptions_LifeEvent_Safari_TestCases.HB_BirthAdoptions_LifeEvent_Safari_PPT1" name="TS_49_TC_101_to_Verify_in_Spending_Account_Page_Contribution_Amount_saved_or_not" time="9.838"/>
  <testcase classname="HB_BirthAdoptions_LifeEvent_Safari_TestCases.HB_BirthAdoptions_LifeEvent_Safari_PPT1" name="TS_49_TC_102_to_Verify_DSD_Flow_Eligible_PPT" time="82.444"/>
  <testcase classname="HB_BirthAdoptions_LifeEvent_Safari_TestCases.HB_BirthAdoptions_LifeEvent_Safari_PPT1" name="TS_49_TC_103__to_Verify_in_Spending_Account_Page_Contribution_Amount_saved_or_not_After_DSD_flow" time="10.125"/>
  <testcase classname="HB_BirthAdoptions_LifeEvent_Safari_TestCases.HB_BirthAdoptions_LifeEvent_Safari_PPT1" name="TS_49_TC_104_to_verify_user_able_to_Land_on_LifeEvents_insurance_Coverage_Page" time="16.717"/>
  <testcase classname="HB_BirthAdoptions_LifeEvent_Safari_TestCases.HB_BirthAdoptions_LifeEvent_Safari_PPT1" name="TS_49_TC_106_to_verify_all_the_elements_Present_in_Disablity_Page" time="0.000"/>
  <testcase classname="HB_BirthAdoptions_LifeEvent_Safari_TestCases.HB_BirthAdoptions_LifeEvent_Safari_PPT1" name="TS_49_TC_107_to_verify_all_the_Links_Present_on_Page_are_broken_or_not_Disability_Page" time="0.000"/>
  <testcase classname="HB_BirthAdoptions_LifeEvent_Safari_TestCases.HB_BirthAdoptions_LifeEvent_Safari_PPT1" name="TS_49_TC_108_to_verify_all_the_elements_Present_in_Life_Page" time="0.000"/>
  <testcase classname="HB_BirthAdoptions_LifeEvent_Safari_TestCases.HB_BirthAdoptions_LifeEvent_Safari_PPT1" name="TS_49_TC_109__to_verify_all_the_Links_Present_on_Page_are_broken_or_not_life_Page" time="0.001"/>
  <testcase classname="HB_BirthAdoptions_LifeEvent_Safari_TestCases.HB_BirthAdoptions_LifeEvent_Safari_PPT1" name="TS_49_TC_110__to_verify_user_able_to_Land_on_LifeEvents_Complete_Enrollment_Page" time="22.247"/>
  <testcase classname="HB_BirthAdoptions_LifeEvent_Safari_TestCases.HB_BirthAdoptions_LifeEvent_Safari_PPT1" name="TS_49_TC_111_to_verify_user_able_to_click_Print_Button_Life_Events_Complete_Enrollment_Page" time="0.000"/>
  <testcase classname="HB_BirthAdoptions_LifeEvent_Safari_TestCases.HB_BirthAdoptions_LifeEvent_Safari_PPT1" name="TS_49_TC_112_to_verify_Dependent_table_name_Self_Complete_Enrollment_Page" time="0.001"/>
  <testcase classname="HB_BirthAdoptions_LifeEvent_Safari_TestCases.HB_BirthAdoptions_LifeEvent_Safari_PPT1" name="TS_49_TC_113__to_verify_Dependent_table_Self_DOB_Complete_Enrollment_Page" time="0.001"/>
  <testcase classname="HB_BirthAdoptions_LifeEvent_Safari_TestCases.HB_BirthAdoptions_LifeEvent_Safari_PPT1" name="TS_49_TC_114_to_verify_Availabel_to_be_updates_tile_Edit_button_are_redirect_or_not" time="0.001"/>
  <testcase classname="HB_BirthAdoptions_LifeEvent_Safari_TestCases.HB_BirthAdoptions_LifeEvent_Safari_PPT1" name="TS_49_TC_115_to_verify_Waived_Benefits_tile_Edit_button_are_redirect_or_not" time="0.001"/>
  <testcase classname="HB_BirthAdoptions_LifeEvent_Safari_TestCases.HB_BirthAdoptions_LifeEvent_Safari_PPT1" name="TS_49_TC_116_to_verify_footer_Complete_Enrollment_Button_disable_or_not_when_Check_box_unchecked" time="5.909"/>
  <testcase classname="HB_BirthAdoptions_LifeEvent_Safari_TestCases.HB_BirthAdoptions_LifeEvent_Safari_PPT1" name="TS_49_TC_117__to_verify_user_able_to_Select_Check_Box" time="4.638"/>
  <testcase classname="HB_BirthAdoptions_LifeEvent_Safari_TestCases.HB_BirthAdoptions_LifeEvent_Safari_PPT1" name="TS_49_TC_118__to_verify_footer_Complete_Enrollment_Button_Enabled_or_not_when_Check_box_is_checked" time="2.538"/>
  <testcase classname="HB_BirthAdoptions_LifeEvent_Safari_TestCases.HB_BirthAdoptions_LifeEvent_Safari_PPT1" name="TS_49_TC_119__to_verify_footer_Cancel_Life_Event_button_Present_or_not" time="0.001"/>
  <testcase classname="HB_BirthAdoptions_LifeEvent_Safari_TestCases.HB_BirthAdoptions_LifeEvent_Safari_PPT1" name="TS_49_TC_120__to_verify_footer_Back_Button_Present_or_not" time="0.001"/>
  <testcase classname="HB_BirthAdoptions_LifeEvent_Safari_TestCases.HB_BirthAdoptions_LifeEvent_Safari_PPT1" name="TS_49_TC_121_to_verify_user_able_to_Complete_Open_Enrollment_Life_Event" time="41.342"/>
</testsuite> <!-- HB_BirthAdoptions_LifeEvent_Safari_TestCases.HB_BirthAdoptions_LifeEvent_Safari_PPT1 -->
