<?xml version="1.0" encoding="UTF-8"?>
<!-- Generated by org.testng.reporters.JUnitReportReporter -->
<testsuite hostname="UP-005CD237B4KS" failures="0" tests="5" name="DB_PPT_Common_TestCases.Common_MyAccount_CommunicationPersonalDocuments_Test" time="47.762" errors="0" timestamp="31 May 2024 11:05:33 GMT" skipped="0">
  <testcase classname="DB_PPT_Common_TestCases.Common_MyAccount_CommunicationPersonalDocuments_Test" name="TS_03_TC_01_to_verify_user_able_to_Login_MPC_with_valid_credentilas" time="29.586"/>
  <testcase classname="DB_PPT_Common_TestCases.Common_MyAccount_CommunicationPersonalDocuments_Test" name="TS_03_TC_02_to_verify_user_able_to_click_MyAccount_Communications_Module" time="7.197"/>
  <testcase classname="DB_PPT_Common_TestCases.Common_MyAccount_CommunicationPersonalDocuments_Test" name="TS_03_TC_03_to_verify_MyAccount_Personal_Documents_SubTabs_Availabel_or_not" time="6.004"/>
  <testcase classname="DB_PPT_Common_TestCases.Common_MyAccount_CommunicationPersonalDocuments_Test" name="TS_03_TC_04_to_Verify_user_able_to_download_personal_doc_Pdf" time="2.699"/>
  <testcase classname="DB_PPT_Common_TestCases.Common_MyAccount_CommunicationPersonalDocuments_Test" name="TS_03_TC_05_to_Verify_Sorting_Functionality_Of_Personal_documents_Page" time="2.276"/>
</testsuite> <!-- DB_PPT_Common_TestCases.Common_MyAccount_CommunicationPersonalDocuments_Test -->
