<?xml version="1.0" encoding="UTF-8"?>
<!-- Generated by org.testng.reporters.JUnitReportReporter -->
<testsuite hostname="UP-005CD237B4KS" failures="0" tests="4" name="Harmony1_Integration_TestCases.To_Verify_MPC_VOI_interaction_with_Harmony" time="74.721" errors="1" timestamp="18 Jul 2023 07:13:41 GMT" skipped="1">
  <testcase classname="Harmony1_Integration_TestCases.To_Verify_MPC_VOI_interaction_with_Harmony" name="TS_72_TC_01_to_verify_user_able_to_Login_MPC_with_valid_credentilas" time="52.280"/>
  <testcase classname="Harmony1_Integration_TestCases.To_Verify_MPC_VOI_interaction_with_Harmony" name="TS_72_TC_02_to_verify_user_able_to_Land_On_Overview_Summary_page" time="4.062"/>
  <testcase classname="Harmony1_Integration_TestCases.To_Verify_MPC_VOI_interaction_with_Harmony" name="TS_72_TC_03_to_verify_user_able_to_send_Request_Verification_Of_Pension_income_By_Selecting_SendtoMyPrimaryAddButton" time="8.984">
    <error message="Cannot invoke &quot;org.openqa.selenium.WebDriver.findElement(org.openqa.selenium.By)&quot; because &quot;this.driver&quot; is null" type="java.lang.NullPointerException">
      <![CDATA[java.lang.NullPointerException: Cannot invoke "org.openqa.selenium.WebDriver.findElement(org.openqa.selenium.By)" because "this.driver" is null
at Harmony1_Integration_TestCases.To_Verify_MPC_VOI_interaction_with_Harmony.TS_72_TC_03_to_verify_user_able_to_send_Request_Verification_Of_Pension_income_By_Selecting_SendtoMyPrimaryAddButton(To_Verify_MPC_VOI_interaction_with_Harmony.java:143)
at java.base/jdk.internal.reflect.NativeMethodAccessorImpl.invoke0(Native Method)
at java.base/jdk.internal.reflect.NativeMethodAccessorImpl.invoke(NativeMethodAccessorImpl.java:77)
at java.base/jdk.internal.reflect.DelegatingMethodAccessorImpl.invoke(DelegatingMethodAccessorImpl.java:43)
at java.base/java.lang.reflect.Method.invoke(Method.java:568)
at org.testng.internal.MethodInvocationHelper.invokeMethod(MethodInvocationHelper.java:124)
at org.testng.internal.Invoker.invokeMethod(Invoker.java:583)
at org.testng.internal.Invoker.retryFailed(Invoker.java:839)
at org.testng.internal.Invoker.invokeTestMethods(Invoker.java:1010)
at org.testng.internal.TestMethodWorker.invokeTestMethods(TestMethodWorker.java:125)
at org.testng.internal.TestMethodWorker.run(TestMethodWorker.java:109)
at org.testng.TestRunner.privateRun(TestRunner.java:648)
at org.testng.TestRunner.run(TestRunner.java:505)
at org.testng.SuiteRunner.runTest(SuiteRunner.java:455)
at org.testng.SuiteRunner.access$000(SuiteRunner.java:40)
at org.testng.SuiteRunner$SuiteWorker.run(SuiteRunner.java:489)
at org.testng.internal.thread.ThreadUtil$1.call(ThreadUtil.java:52)
at java.base/java.util.concurrent.FutureTask.run(FutureTask.java:264)
at java.base/java.util.concurrent.ThreadPoolExecutor.runWorker(ThreadPoolExecutor.java:1136)
at java.base/java.util.concurrent.ThreadPoolExecutor$Worker.run(ThreadPoolExecutor.java:635)
at java.base/java.lang.Thread.run(Thread.java:833)
]]>
    </error>
  </testcase> <!-- TS_72_TC_03_to_verify_user_able_to_send_Request_Verification_Of_Pension_income_By_Selecting_SendtoMyPrimaryAddButton -->
  <testcase classname="Harmony1_Integration_TestCases.To_Verify_MPC_VOI_interaction_with_Harmony" name="TS_72_TC_03_to_verify_user_able_to_send_Request_Verification_Of_Pension_income_By_Selecting_SendtoMyPrimaryAddButton" time="9.395">
    <skipped/>
  </testcase> <!-- TS_72_TC_03_to_verify_user_able_to_send_Request_Verification_Of_Pension_income_By_Selecting_SendtoMyPrimaryAddButton -->
</testsuite> <!-- Harmony1_Integration_TestCases.To_Verify_MPC_VOI_interaction_with_Harmony -->
