<?xml version="1.0" encoding="UTF-8"?>
<!-- Generated by org.testng.reporters.JUnitReportReporter -->
<testsuite hostname="UP-005CD237B4KS" failures="0" tests="4" name="DB_Active_PPT_TestCases.DB_Active_Retirement_MyData_Test" time="89.423" errors="0" timestamp="31 May 2024 10:36:04 GMT" skipped="0">
  <testcase classname="DB_Active_PPT_TestCases.DB_Active_Retirement_MyData_Test" name="TS_16_TC_01_to_verify_user_able_to_Login_MPC_with_valid_credentials" time="64.715"/>
  <testcase classname="DB_Active_PPT_TestCases.DB_Active_Retirement_MyData_Test" name="TS_16_TC_02_to_verify_User_able_to_Land_on_Retirement_MyDataPage" time="16.738"/>
  <testcase classname="DB_Active_PPT_TestCases.DB_Active_Retirement_MyData_Test" name="TS_16_TC_03_to_verify_all_the_Expected_Elements_Present_MyData_Page" time="5.668"/>
  <testcase classname="DB_Active_PPT_TestCases.DB_Active_Retirement_MyData_Test" name="TS_16_TC_04_to_verify_user_able_to_click_Print_button" time="2.302"/>
</testsuite> <!-- DB_Active_PPT_TestCases.DB_Active_Retirement_MyData_Test -->
