<?xml version="1.0" encoding="UTF-8"?>
<!-- Generated by org.testng.reporters.JUnitReportReporter -->
<testsuite hostname="UP-005CD237B4KS" failures="0" tests="4" name="DB_PPT_Common_TestCases.Common_MyAccount_Profile_CommunicationPreference_Test" time="43.418" errors="0" timestamp="31 May 2024 11:05:33 GMT" skipped="0">
  <testcase classname="DB_PPT_Common_TestCases.Common_MyAccount_Profile_CommunicationPreference_Test" name="TS_05_TC_01_to_verify_user_able_to_Login_MPC_with_valid_credentilas" time="26.510"/>
  <testcase classname="DB_PPT_Common_TestCases.Common_MyAccount_Profile_CommunicationPreference_Test" name="TS_05_TC_02_to_verify_user_able_to_Land_on_MyAccount_Profile_CommunicationPreference_Page" time="7.822"/>
  <testcase classname="DB_PPT_Common_TestCases.Common_MyAccount_Profile_CommunicationPreference_Test" name="TS_05_TC_03_to_Verify_Edit_Communication_Preference_Page" time="5.417"/>
  <testcase classname="DB_PPT_Common_TestCases.Common_MyAccount_Profile_CommunicationPreference_Test" name="TS_05_TC_04_to_verify_userable_to_Edit_Comminications_Prefernces_Or_not" time="3.669"/>
</testsuite> <!-- DB_PPT_Common_TestCases.Common_MyAccount_Profile_CommunicationPreference_Test -->
