<?xml version="1.0" encoding="UTF-8"?>
<!-- Generated by org.testng.reporters.JUnitReportReporter -->
<testsuite hostname="UP-005CD237B4KS" failures="0" tests="16" name="HB_Active_PPT_TestCases.HB_Active_LifeEvent_Safari" time="517.030" errors="0" timestamp="21 Jun 2023 13:18:51 GMT" skipped="0">
  <testcase classname="HB_Active_PPT_TestCases.HB_Active_LifeEvent_Safari" name="TS_50_TC_01_to_verify_user_able_to_Login_MPC" time="134.954"/>
  <testcase classname="HB_Active_PPT_TestCases.HB_Active_LifeEvent_Safari" name="TS_50_TC_02_to_verify_user_able_to_Land_on_LifeEvents_Health_Page" time="43.901"/>
  <testcase classname="HB_Active_PPT_TestCases.HB_Active_LifeEvent_Safari" name="TS_50_TC_03_to_verify_When_user_select_High_Deductible_Plan_Then_HSA_POPUP_Should_come" time="22.284"/>
  <testcase classname="HB_Active_PPT_TestCases.HB_Active_LifeEvent_Safari" name="TS_50_TC_04_to_verify_user_able_to_Land_on_LifeEvents_SpendingAccount_Page" time="19.729"/>
  <testcase classname="HB_Active_PPT_TestCases.HB_Active_LifeEvent_Safari" name="TS_50_TC_05_to_verify_update_eligibility_appearing_on_Spending_Account_Page" time="28.005"/>
  <testcase classname="HB_Active_PPT_TestCases.HB_Active_LifeEvent_Safari" name="TS_50_TC_06_to_verify_DSD_flow_When_Select_NotNow_HSA_POPUP_Should_Appear_Select_NotNow_Again" time="68.920"/>
  <testcase classname="HB_Active_PPT_TestCases.HB_Active_LifeEvent_Safari" name="TS_50_TC_08__to_Verify_Update_Eligibility_in_Spending_Account_Page_After_DSD_flow" time="22.054"/>
  <testcase classname="HB_Active_PPT_TestCases.HB_Active_LifeEvent_Safari" name="TS_50_TC_09_to_verify_user_able_to_Land_on_LifeEvents_insurance_Coverage_Page" time="15.895"/>
  <testcase classname="HB_Active_PPT_TestCases.HB_Active_LifeEvent_Safari" name="TS_50_TC_10__to_verify_user_able_to_Land_on_LifeEvents_Complete_Enrollment_Page" time="6.504"/>
  <testcase classname="HB_Active_PPT_TestCases.HB_Active_LifeEvent_Safari" name="TS_50_TC_11_to_verify_HSA_Popup_Appear_on_complete_Enrolment_Page_when_Selected_earlier_NotNow" time="15.113"/>
  <testcase classname="HB_Active_PPT_TestCases.HB_Active_LifeEvent_Safari" name="TS_50_TC_12_to_verify_Wnen_user_Click_Next_Button_on_HSA_POPUP_Appearon_Complete_EnrollmentPage_then_QA_comes_or_not" time="7.683"/>
  <testcase classname="HB_Active_PPT_TestCases.HB_Active_LifeEvent_Safari" name="TS_50_TC_13_to_verify_user_abale_to_make_PPT_uneleligible_for_HSA_by_Selecting_yes" time="14.134"/>
  <testcase classname="HB_Active_PPT_TestCases.HB_Active_LifeEvent_Safari" name="TS_50_TC_14_to_verify_user_abale_to_redirect_to_Medical_Page_when_click_On_restart_button_HSA_POPUP_dipslayed" time="29.838"/>
  <testcase classname="HB_Active_PPT_TestCases.HB_Active_LifeEvent_Safari" name="TS_50_TC_15__to_verify_user_able_to_go_on_Spending_Page" time="19.289"/>
  <testcase classname="HB_Active_PPT_TestCases.HB_Active_LifeEvent_Safari" name="TS_50_TC_16_to_verify_confirm_Eligibility_Button_Present_on_Spending_Account_Page" time="28.199"/>
  <testcase classname="HB_Active_PPT_TestCases.HB_Active_LifeEvent_Safari" name="TS_50_TC_17_to_verify_DSD_Flow_Uneligible_PPt_Explore_HSA_Option_POP_should_not_display" time="40.528"/>
</testsuite> <!-- HB_Active_PPT_TestCases.HB_Active_LifeEvent_Safari -->
