<?xml version="1.0" encoding="UTF-8"?>
<!-- Generated by org.testng.reporters.JUnitReportReporter -->
<testsuite hostname="UP-005CD237B4KS" failures="0" tests="4" name="DB_PPT_Common_TestCases.MyAccount_Profile_CommunicationPreferenceTestCases" time="129.251" errors="0" timestamp="22 Feb 2024 12:27:30 GMT" skipped="0">
  <testcase classname="DB_PPT_Common_TestCases.MyAccount_Profile_CommunicationPreferenceTestCases" name="TS_05_TC_01_to_verify_user_able_to_Login_MPC_with_valid_credentilas" time="74.361"/>
  <testcase classname="DB_PPT_Common_TestCases.MyAccount_Profile_CommunicationPreferenceTestCases" name="TS_05_TC_02_to_verify_user_able_to_Land_on_MyAccount_Profile_CommunicationPreference_Page" time="6.905"/>
  <testcase classname="DB_PPT_Common_TestCases.MyAccount_Profile_CommunicationPreferenceTestCases" name="TS_05_TC_03_to_Verify_Edit_Communication_Preference_Page" time="3.668"/>
  <testcase classname="DB_PPT_Common_TestCases.MyAccount_Profile_CommunicationPreferenceTestCases" name="TS_05_TC_04_to_verify_userable_to_Edit_Comminications_Prefernces_Or_not" time="44.317"/>
</testsuite> <!-- DB_PPT_Common_TestCases.MyAccount_Profile_CommunicationPreferenceTestCases -->
