<?xml version="1.0" encoding="UTF-8"?>
<!-- Generated by org.testng.reporters.JUnitReportReporter -->
<testsuite hostname="UP-005CD237B4KS" failures="0" tests="20" name="Harmony1_Integration_TestCases.To_Verify_MPC_VOI_interaction_with_Harmony1" time="238.172" errors="0" timestamp="12 Feb 2024 11:28:17 GMT" skipped="0">
  <testcase classname="Harmony1_Integration_TestCases.To_Verify_MPC_VOI_interaction_with_Harmony1" name="TS_71_TC_01_to_verify_user_able_to_Login_Harmony_with_valid_credentials" time="49.355"/>
  <testcase classname="Harmony1_Integration_TestCases.To_Verify_MPC_VOI_interaction_with_Harmony1" name="TS_71_TC_02_to_Verify_user_able_to_land_On_SearchPage" time="4.006"/>
  <testcase classname="Harmony1_Integration_TestCases.To_Verify_MPC_VOI_interaction_with_Harmony1" name="TS_71_TC_03_to_Verify_user_able_to_Select_Client_From_Dropdown" time="17.994"/>
  <testcase classname="Harmony1_Integration_TestCases.To_Verify_MPC_VOI_interaction_with_Harmony1" name="TS_71_TC_04_to_Verify_user_able_to_input_SSN_NO_And_Click_On_Search" time="10.073"/>
  <testcase classname="Harmony1_Integration_TestCases.To_Verify_MPC_VOI_interaction_with_Harmony1" name="TS_71_TC_05_to_Verify_user_able_to_click_on_Profile_Button" time="6.355"/>
  <testcase classname="Harmony1_Integration_TestCases.To_Verify_MPC_VOI_interaction_with_Harmony1" name="TS_71_TC_06_to_Verify_user_able_to_click_on_ViewAll_Link_of_InProgress_Container" time="3.855"/>
  <testcase classname="Harmony1_Integration_TestCases.To_Verify_MPC_VOI_interaction_with_Harmony1" name="TS_71_TC_07_to_Store_Previous_WorkOrder_ID" time="11.210"/>
  <testcase classname="Harmony1_Integration_TestCases.To_Verify_MPC_VOI_interaction_with_Harmony1" name="TS_71_TC_08_Switch_To_New_Tab_For_MPC_Launch" time="2.065"/>
  <testcase classname="Harmony1_Integration_TestCases.To_Verify_MPC_VOI_interaction_with_Harmony1" name="TS_71_TC_09_to_verify_user_able_to_Login_MPC_with_valid_credentilas" time="34.677"/>
  <testcase classname="Harmony1_Integration_TestCases.To_Verify_MPC_VOI_interaction_with_Harmony1" name="TS_71_TC_10_to_verify_user_able_to_Land_On_Overview_Summary_page" time="6.827"/>
  <testcase classname="Harmony1_Integration_TestCases.To_Verify_MPC_VOI_interaction_with_Harmony1" name="TS_71_TC_11_to_verify_user_able_to_send_Request_Verification_Of_Pension_income_By_Selecting_SendtoMyPrimaryAddButton" time="33.550"/>
  <testcase classname="Harmony1_Integration_TestCases.To_Verify_MPC_VOI_interaction_with_Harmony1" name="TS_71_TC_12_Switching_of_Harmony_tab" time="0.015"/>
  <testcase classname="Harmony1_Integration_TestCases.To_Verify_MPC_VOI_interaction_with_Harmony1" name="TS_71_TC_13_Wait_til_new_WorkOrder_ID_created_for_Max_five_Minutes" time="19.410"/>
  <testcase classname="Harmony1_Integration_TestCases.To_Verify_MPC_VOI_interaction_with_Harmony1" name="TS_71_TC_14_to_verify_new_work_order_created_valid_or_not" time="6.599"/>
  <testcase classname="Harmony1_Integration_TestCases.To_Verify_MPC_VOI_interaction_with_Harmony1" name="TS_71_TC_15_to_Verify_user_able_land_on_view_Work_order_Page" time="24.597"/>
  <testcase classname="Harmony1_Integration_TestCases.To_Verify_MPC_VOI_interaction_with_Harmony1" name="TS_71_TC_16_to_Verify_Work_orderID_visibel_in_Related_Item2Field_is_correct_or_not" time="0.089"/>
  <testcase classname="Harmony1_Integration_TestCases.To_Verify_MPC_VOI_interaction_with_Harmony1" name="TS_71_TC_17_to_Verify_Interaction_ID_visibel_in_Related_Item2Field_is_Generated_or_not" time="7.263"/>
  <testcase classname="Harmony1_Integration_TestCases.To_Verify_MPC_VOI_interaction_with_Harmony1" name="TS_71_TC_18_to_Verify_Work_orderID_visibel_in_DashBoard_is_correct_or_not" time="0.038"/>
  <testcase classname="Harmony1_Integration_TestCases.To_Verify_MPC_VOI_interaction_with_Harmony1" name="TS_71_TC_19_to_Verify_Work_Order_Summary_Fields_Details" time="0.098"/>
  <testcase classname="Harmony1_Integration_TestCases.To_Verify_MPC_VOI_interaction_with_Harmony1" name="TS_71_TC_20_to_Verify_Work_Order_Standard_Fields_Details" time="0.096"/>
</testsuite> <!-- Harmony1_Integration_TestCases.To_Verify_MPC_VOI_interaction_with_Harmony1 -->
