<?xml version="1.0" encoding="UTF-8"?>
<!-- Generated by org.testng.reporters.JUnitReportReporter -->
<testsuite hostname="UP-005CD237B4KS" failures="0" tests="2" name="DB_Deffred_PPT_TestCases.Deffered_PPT_Retirement_TestCases" time="47.094" errors="0" timestamp="12 Oct 2023 10:44:01 GMT" skipped="0">
  <testcase classname="DB_Deffred_PPT_TestCases.Deffered_PPT_Retirement_TestCases" name="TS_27_TC_01_to_verify_user_able_to_Login_MPC_with_valid_credentials" time="37.314"/>
  <testcase classname="DB_Deffred_PPT_TestCases.Deffered_PPT_Retirement_TestCases" name="TS_27_TC_02_to_verify_user_able_to_Land_on_Estimate_your_Pension_Page_toCheck_LastWorkday" time="9.780"/>
</testsuite> <!-- DB_Deffred_PPT_TestCases.Deffered_PPT_Retirement_TestCases -->
