<?xml version="1.0" encoding="UTF-8"?>
<!-- Generated by org.testng.reporters.JUnitReportReporter -->
<testsuite hostname="UP-005CD237B4KS" failures="0" tests="26" name="Harmony1_Integration_TestCases.To_Verify_MPC_Message_center_interaction_with_Harmony" time="283.928" errors="0" timestamp="12 Feb 2024 11:35:08 GMT" skipped="0">
  <testcase classname="Harmony1_Integration_TestCases.To_Verify_MPC_Message_center_interaction_with_Harmony" name="TS_72_TC_01_to_verify_user_able_to_Login_Harmony_with_valid_credentials" time="56.066"/>
  <testcase classname="Harmony1_Integration_TestCases.To_Verify_MPC_Message_center_interaction_with_Harmony" name="TS_72_TC_02_to_Verify_user_able_to_land_On_SearchPage" time="4.063"/>
  <testcase classname="Harmony1_Integration_TestCases.To_Verify_MPC_Message_center_interaction_with_Harmony" name="TS_72_TC_03_to_Verify_user_able_to_Select_Client_From_Dropdown" time="2.976"/>
  <testcase classname="Harmony1_Integration_TestCases.To_Verify_MPC_Message_center_interaction_with_Harmony" name="TS_72_TC_04_to_Verify_user_able_to_input_SSN_NO_And_Click_On_Search" time="9.602"/>
  <testcase classname="Harmony1_Integration_TestCases.To_Verify_MPC_Message_center_interaction_with_Harmony" name="TS_72_TC_05_to_Verify_user_able_to_click_on_Profile_Button" time="6.401"/>
  <testcase classname="Harmony1_Integration_TestCases.To_Verify_MPC_Message_center_interaction_with_Harmony" name="TS_72_TC_06_to_Verify_user_able_to_click_on_ViewAll_Link_of_InProgress_Container" time="3.095"/>
  <testcase classname="Harmony1_Integration_TestCases.To_Verify_MPC_Message_center_interaction_with_Harmony" name="TS_72_TC_07_to_Store_Last_WorkOrder_ID" time="14.766"/>
  <testcase classname="Harmony1_Integration_TestCases.To_Verify_MPC_Message_center_interaction_with_Harmony" name="TS_72_TC_08_Switch_To_New_Tab_For_MPC_Launch" time="2.204"/>
  <testcase classname="Harmony1_Integration_TestCases.To_Verify_MPC_Message_center_interaction_with_Harmony" name="TS_72_TC_09_to_verify_user_able_to_Login_MPC_with_valid_credentilas" time="19.176"/>
  <testcase classname="Harmony1_Integration_TestCases.To_Verify_MPC_Message_center_interaction_with_Harmony" name="TS_72_TC_10_to_verify_user_able_to_Land_on_MyAccount_Communication_MeassgeCenter_Page" time="12.773"/>
  <testcase classname="Harmony1_Integration_TestCases.To_Verify_MPC_Message_center_interaction_with_Harmony" name="TS_72_TC_11_to_verify_MyAccountCommunications_MessageCenter_SubTabs_Availabel_or_not" time="0.077"/>
  <testcase classname="Harmony1_Integration_TestCases.To_Verify_MPC_Message_center_interaction_with_Harmony" name="TS_72_TC_12_to_verify_user_able_to_create_new_message" time="0.712"/>
  <testcase classname="Harmony1_Integration_TestCases.To_Verify_MPC_Message_center_interaction_with_Harmony" name="TS_72_TC_13_Switching_of_Harmony_tab" time="0.014"/>
  <testcase classname="Harmony1_Integration_TestCases.To_Verify_MPC_Message_center_interaction_with_Harmony" name="TS_72_TC_14_Wait_til__new_WorkOrder_ID_created_for_five_Minutes" time="95.882"/>
  <testcase classname="Harmony1_Integration_TestCases.To_Verify_MPC_Message_center_interaction_with_Harmony" name="TS_72_TC_15_to_verify_new_work_order_created_valid_or_not" time="6.732"/>
  <testcase classname="Harmony1_Integration_TestCases.To_Verify_MPC_Message_center_interaction_with_Harmony" name="TS_72_TC_16_to_Verify_user_able_land_on_view_Work_order_Page" time="18.937"/>
  <testcase classname="Harmony1_Integration_TestCases.To_Verify_MPC_Message_center_interaction_with_Harmony" name="TS_72_TC_17_to_Verify_Work_orderID_visibel_in_Related_Item2Field_is_correct_or_not" time="0.082"/>
  <testcase classname="Harmony1_Integration_TestCases.To_Verify_MPC_Message_center_interaction_with_Harmony" name="TS_72_TC_18_to_Verify_Interaction_ID_visibel_in_Related_Item2Field_is_Generated_or_not" time="6.608"/>
  <testcase classname="Harmony1_Integration_TestCases.To_Verify_MPC_Message_center_interaction_with_Harmony" name="TS_72_TC_19_to_Verify_Work_orderID_visibel_in_DashBoard_is_correct_or_not" time="0.035"/>
  <testcase classname="Harmony1_Integration_TestCases.To_Verify_MPC_Message_center_interaction_with_Harmony" name="TS_72_TC_20_to_Verify_Work_Order_Summary_Fields_Details" time="0.092"/>
  <testcase classname="Harmony1_Integration_TestCases.To_Verify_MPC_Message_center_interaction_with_Harmony" name="TS_72_TC_21_to_Verify_Work_Order_Standard_Fields_Details" time="0.094"/>
  <testcase classname="Harmony1_Integration_TestCases.To_Verify_MPC_Message_center_interaction_with_Harmony" name="TS_72_TC_22_to_Verify_user_able_to_reply_participtant_message_Through_ManageNote_Button" time="8.285"/>
  <testcase classname="Harmony1_Integration_TestCases.To_Verify_MPC_Message_center_interaction_with_Harmony" name="TS_72_TC_23_to_Verify_in_Notes_tabel_Message_saved_or_not" time="0.135"/>
  <testcase classname="Harmony1_Integration_TestCases.To_Verify_MPC_Message_center_interaction_with_Harmony" name="TS_72_TC_24_Switching_of_MPC_tab_Again_to_check_harmony_Reply" time="0.014"/>
  <testcase classname="Harmony1_Integration_TestCases.To_Verify_MPC_Message_center_interaction_with_Harmony" name="TS_72_TC_25_to_verify_user_click_on_Subject_link_newly_Created_Message" time="10.927"/>
  <testcase classname="Harmony1_Integration_TestCases.To_Verify_MPC_Message_center_interaction_with_Harmony" name="TS_72_TC_26_to_verify_Harmony_reply_reflects_on_MyCommunication_MessageHistoryPage_orNot" time="4.180"/>
</testsuite> <!-- Harmony1_Integration_TestCases.To_Verify_MPC_Message_center_interaction_with_Harmony -->
