<?xml version="1.0" encoding="UTF-8"?>
<!-- Generated by org.testng.reporters.JUnitReportReporter -->
<testsuite hostname="UP-005CG0024FZG" failures="0" tests="8" name="Employer_Portal_TestCase.ForgotPasswordEmployerPortalTest" time="189.735" errors="0" timestamp="2022-10-14T20:48:52 IST" skipped="0">
  <testcase classname="Employer_Portal_TestCase.ForgotPasswordEmployerPortalTest" name="ClickingOnForgotPasswordButton" time="63.233"/>
  <system-out/>
  <testcase classname="Employer_Portal_TestCase.ForgotPasswordEmployerPortalTest" name="ForgotPasswordFunctionality" time="30.242"/>
  <system-out/>
  <testcase classname="Employer_Portal_TestCase.ForgotPasswordEmployerPortalTest" name="ClickOnAskSecurityQuestionsButton" time="11.587"/>
  <system-out/>
  <testcase classname="Employer_Portal_TestCase.ForgotPasswordEmployerPortalTest" name="FillSecurityQuestions" time="8.605"/>
  <system-out/>
  <testcase classname="Employer_Portal_TestCase.ForgotPasswordEmployerPortalTest" name="VerifyPasswordMustNotIncludeAndPasswordMustIncludeCombination" time="3.835"/>
  <system-out/>
  <testcase classname="Employer_Portal_TestCase.ForgotPasswordEmployerPortalTest" name="VerifyPasswordChangeButtonWithWrongPasswordCombination" time="20.711"/>
  <system-out/>
  <testcase classname="Employer_Portal_TestCase.ForgotPasswordEmployerPortalTest" name="VerifyPasswordChangeButtonWithCorrectPasswordCombination" time="46.638"/>
  <system-out/>
  <testcase classname="Employer_Portal_TestCase.ForgotPasswordEmployerPortalTest" name="VerifyBacktoSignInButton" time="4.884"/>
  <system-out/>
</testsuite> <!-- Employer_Portal_TestCase.ForgotPasswordEmployerPortalTest -->
