<?xml version="1.0" encoding="UTF-8"?>
<!-- Generated by org.testng.reporters.JUnitReportReporter -->
<testsuite hostname="UP-005CD237B4KS" failures="0" tests="3" name="DB_Deffred_PPT_TestCases.Profile_Bank" time="83.093" errors="0" timestamp="31 Jul 2023 14:58:36 GMT" skipped="0">
  <testcase classname="DB_Deffred_PPT_TestCases.Profile_Bank" name="TS_04_TC_01_to_verify_user_able_to_Login_MPC_with_valid_credentilas" time="62.155"/>
  <testcase classname="DB_Deffred_PPT_TestCases.Profile_Bank" name="TS_04_TC_02_to_verify_user_able_to_Land_on_Profile_BankAccount_Page" time="9.413"/>
  <testcase classname="DB_Deffred_PPT_TestCases.Profile_Bank" name="TS_04_TC_03_to_verify_Any_bankAccount_details_Saved_Or_not_initially" time="11.525"/>
</testsuite> <!-- DB_Deffred_PPT_TestCases.Profile_Bank -->
